5.小猪佩奇[20:19]	onMore:[汤圆的小猪佩奇玩具 第一季]
11.奥特曼[30:30]	onMore:[奥特曼剧场版 1984:奥特曼物语, 奥特曼剧场版 2003:最终决战, 奥特曼剧场版 1997:超人大战]	offMore:[盖亚奥特曼,戴拿奥特曼,赛罗奥特曼格斗 第一季]
14.熊出没[10:8]	onMore:[汤圆的熊出没玩具 第一季, 趣味玩具熊出没玩具 第一季]
17.海贼王[42:42]	onMore:[海贼王之死亡尽头的冒险]	offMore:[海贼王之冬季绽放的奇迹之樱]
21.奔跑吧[23:22]	onMore:[奔跑吧鲭鱼]
24.秦时明月[9:10]	offMore:[秦时明月之夜尽天明]
29.思美人[2:1]	onMore:[思美人]
30.超级飞侠[11:10]	onMore:[汤圆的超级飞侠玩具 第一季]
33.三国演义[6:7]	offMore:[三国]
45.春娇与志明[4:5]	offMore:[春娇救志明]
55.漂洋过海来看你[1:0]	onMore:[漂洋过海来看你]
71.秦时明月之天行九歌[6:6]	onMore:[秦时明月特别篇:空山鸟语]	offMore:[秦时明月之夜尽天明]
Exception query:电视剧
80.wwe[0:15]	offMore:[International SmackDown 2013, International SmackDown 2014, International Raw 2014, WWE美国职业摔角 2016, WWE第33届摔跤狂热大赛, International Raw 2012, International SmackDown 2016, International Raw 2011, WWE美国职业摔角 2017, International SmackDown 2015, International SmackDown 2011, International Raw 2016, International Raw 2015, International Raw 2013, International SmackDown 2012]
92.猪猪侠[26:24]	onMore:[宣宇爱玩猪猪侠玩具 第一季, 玩具SHOW猪猪侠玩具 第一季]
94.床戏[30:30]	onMore:[欲链迷情]	offMore:[战火羔羊]
99.running man[19:14]	onMore:[死亡竞赛, 大块头有大智慧, 过关斩将, 赌命威龙, 奔跑的男人]
100.欢乐颂[3:7]	offMore:[The sing-off 2010, 复制贝多芬, 喜悦, 喜悦]
111.神话[5:7]	offMore:[神话森林, 爱情神话]
115.美人鱼[36:42]	offMore:[人鱼传说, 小美人鱼Mutya, 人鱼的旋律 第1季 粤语, 舞动的人鱼旋律 第二季, 水仙女, 爆笑神汤]
126.鬼片[31:32]	offMore:[厉鬼将映]
127.恐龙[35:48]	offMore:[恐龙无敌, 恐龙凶面目, 恐龙危机 第1部, 恐龙探秘, 恐龙王国, 恐龙世界, 恐龙葛蒂, 恐龙特急克塞号, 派对恐龙, 恐龙鲨鱼, 恐龙侵袭, 恐龙王朝, 恐龙物语]
128.黄色[8:20]	offMore:[黄色潜水艇, 黄色微笑, 黄色星辰, 黄色标记, 黄色拖鞋, 黄色杀手, 黄色风土, 黄色别墅, 黄色复仇草, 黄色香车, 黄色尘埃, 黄色护照]
131.铠甲勇士[9:10]	offMore:[铠甲勇士之帝皇侠]
132.kino[1:2]	offMore:[Raumpatrouille Orion-Rücksturz Ins Kino]
133.猫和老鼠[30:30]	onMore:[猫和老鼠<50周年纪念版>]	offMore:[猫和老鼠:大追捕]
135.致青春[11:12]	offMore:[致我们终将逝去的青春]
137.思美人电视剧[1:0]	onMore:[思美人]
138.假面骑士[49:51]	offMore:[假面骑士w, 假面骑士×假面骑士]
140.赛小花的远大前程[1:0]	onMore:[赛小花的远大前程]
145.搞笑蜘蛛侠[4:3]	onMore:[搞笑蜘蛛侠现实版 2017]
153.漂洋过海来看你电视剧全集[1:0]	onMore:[漂洋过海来看你]
156.憨豆先生[3:4]	offMore:[憨豆先生的大灾难]
165.美女[33:42]	offMore:[美女死神, 美女与野兽, 美女与野兽, 美女露露, 美女器官, 美女罐头, 美女红娘子, 美女战争, 无颜美女]
173.璀璨人生[6:5]	onMore:[灿烂的遗产]
179.变形金刚[30:30]	onMore:[变形金刚ANIMATED, 变形金刚领袖之证剧场版 野兽猎人, 《变形金刚》特效制作教程]	offMore:[变形金刚之汽车人战记,变形金刚之领袖的挑战 第三季,变形金刚 胜利之斗争]
189.一起来看流星雨[2:3]	offMore:[一起又看流星雨]
193.哆啦a梦[30:30]	onMore:[哆啦A梦七小子 虫虫跳跳大作战!, 哆啦A梦七小子 机器人学校七不思议]	offMore:[哆啦A梦 大雄的太阳王传说,哆啦A梦 大雄的南海大冒险]
198.僵尸[14:30]	onMore:[僵尸道长 第一部, 僵尸福星]	offMore:[僵尸未成年,僵尸翻生,僵尸至尊,僵尸新战士,僵尸也疯狂,僵尸先生和校花!,邻家僵尸,无牙僵尸,僵尸少爷,僵尸王爷,少林僵尸,僵尸归来,僵尸蜜月,僵尸少女,僵尸之地,僵尸新娘,僵尸启示录:救赎,僵尸归来2消失的御林军]
203.贝瓦儿歌[3:4]	offMore:[首届儿歌盛典]
204.成龙[8:13]	offMore:[老爸老妈之逼子成龙, 望父成龙, 老爸老妈之逼子成龙, 望父成龙, 憨夫成龙]
212.大话西游[5:7]	offMore:[西游·降魔篇, 齐天大圣孙悟空]
223.甄嬛传[2:3]	offMore:[后宫甄嬛传]
227.葫芦娃[3:7]	offMore:[新葫芦兄弟 第一季, 新葫芦兄弟 第二季, 葫芦兄弟, 葫芦兄弟]
248.奇趣蛋[10:6]	onMore:[寓教于乐奇趣蛋 第一季, 趣味玩具奇趣蛋 第一季, 玩趣屋奇趣蛋视频 第一季, 奇趣箱奇趣蛋恐龙蛋 第一季]
251.非诚勿扰[10:11]	offMore:[缘来非诚勿扰 2016]
252.乘风破浪[9:10]	offMore:[风：超越极速]
253.我是特种兵[2:5]	offMore:[我是特种兵之利刃出鞘 未删减版, 特种兵之火凤凰 TV版, 特种兵之火凤凰 DVD版]
256.亮剑[4:7]	offMore:[新亮剑, 大刀向鬼子们的头上砍去, 亮剑苍穹]
259.老爸当家[2:3]	offMore:[男人成长录]
263.小花仙[3:4]	offMore:[小花仙大电影之奇迹少女]
264.乡村爱情9全集免费版全集2017[3:2]	onMore:[乡村爱情9（上）]
267.金瓶梅[5:6]	offMore:[金瓶梅传奇]
269.封神榜[17:17]	onMore:[新封神榜]	offMore:[封神传奇]
280.网球王子[19:20]	offMore:[加油网球王子]
295.丝袜[2:5]	offMore:[高跟鞋和黑丝袜, 黑色丝袜, 少奶奶的丝袜]
297.电影[60:60]	onMore:[突击电影, 电影, 电影瞎BB, 电影，电影，电影, 电影,电影, 全球电影预告, 电影, 电影, 电影43, 电影, 电影预告 2015 02月, 电影星攻略, 原宿电影, 电影首策, 电影奇谈]	offMore:[假装看不见之电影大师,飓风营救大电影,香港电影漫谈 第三季,赛尔号大电影5:雷神崛起,电影头条脱口秀,独立日大电影,第67届德国柏林电影节闭幕式暨颁奖典礼,凌辰看电影,电影梦一场 第二季,第67届德国柏林电影节红毯暨开幕式,一部关于糖的电影,乐高幻影忍者大电影,乐高蝙蝠侠大电影,第7届北京国际电影节,有部电影]
299.动画片[31:31]	onMore:[瓢虫雷迪]	offMore:[少年锦衣卫 第一季]
diff_ratio=0.189368770764
