马天宇[0:0]	Same
李敏镐[1:1]	Same
汤姆猫动画片[2:2]	Same
少年杨家将[1:1]	Same
迪加奥特曼电视国语版[3:3]	Same
咱家电视剧全集[1:1]	Same
古惑仔2之猛龙过江[1:1]	Same
wwe2017年4月3日中文版[1:1]	Same
奋斗[44:44]	Same
紧身裤热舞[0:0]	Same
鸭片[1:1]	Same
囧女翻身之嗨如花第一季[1:1]	Same
陀枪师姐[11:11]	Same
离婚前规则[1:1]	Same
金星[2:2]	Same
手机专用[0:0]	Same
厉害了我的歌第2季[1:1]	Same
哈尔的移动城堡[4:4]	Same
疯岳撬佳人[1:1]	Same
风云争霸[1:1]	Same
郭麒麟[2:2]	Same
热血尖兵电视剧42全集[1:1]	Same
十万个冷笑话第3季[4:4]	Same
三彶片电视金瓶梅[0:0]	Same
钩尖江湖[2:2]	Same
敢死队[10:10]	Same
木下[1:1]	Same
东游记[3:3]	Same
凯丽和玩具朋有们[2:2]	Same
平凡的世界[3:3]	Same
彩虹宝宝[0:0]	Same
邱淑贞[0:0]	Same
奥特曼玩具[2:2]	Same
铠甲勇士捕王电影完整版[6:6]	Same
老九门电视剧全集[1:1]	Same
欢乐喜剧人岳云鹏相声合集[5:5]	Same
深圳合租记[1:1]	Same
微微一笑很倾城花絮[2:2]	Same
火影忍者国语版[22:22]	Same
家有儿女第3部[20:20]	Same
芭比之仙子的秘密[1:1]	Same
生化危机5[1:1]	Same
二炮手[1:1]	Same
枪战电视剧大全[2:2]	Same
袁姗姗[2:2]	Same
速度与激情8完整全集[1:1]	Same
大牌对王牌[2:2]	Same
火线传奇第3季[3:3]	Same
初音未来[1:1]	Same
马大帅[4:4]	Same
1m舞室[0:0]	Same
我的世界大海解说我是僵尸[1:1]	Same
高圆圆[1:1]	Same
林正英僵尸鬼片[8:8]	Same
猛虎特战队[0:0]	Same
最佳前男友[1:1]	Same
宋小宝小品[0:0]	Same
养父的花样年华[1:1]	Same
小猪佩奇动画片全集中文版2017[8:8]	Same
美人鱼公主[10:9]	onMore:[美人鱼之海盗来袭]
岳云鹏孙越相声[1:1]	Same
杀手代号47[16:16]	Same
苗族[0:0]	Same
383520yigikino‍[0:0]	Same
呜咪123[2:2]	Same
同志电影[4:3]	onMore:[酷儿同玩派续篇]
金太郎的幸福生活[3:3]	Same
赌神周润发[4:4]	Same
性生活[31:31]	Same
来吧冠军第2季[2:2]	Same
杀八方[1:1]	Same
音乐[56:56]	onMore:[音乐潮人, 音乐先疯, 音乐永不停歇, 音乐战国 2011, 音乐之生, 音乐万万岁 2009, 音乐万万岁 2010]	offMore:[半耳音乐节 第一季,TED演讲集:音乐革命,音乐之乡 第四季,理想音乐节 北京站 2016,音乐之乡 第五季,音乐熊猫儿歌真人版,音乐熊猫故事]
神奇宝贝第1部[20:20]	Same
恶作剧2吻[4:2]	onMore:[一吻定情电影版2:大学篇, 一吻定情2～Love in Tokyo]
通灵少女[2:2]	Same
飞碟一分钟[4:4]	Same
盗墓笔记电视剧全集[2:2]	Same
奔跑[22:22]	Same
密桃成熟时李丽珍完整版[1:1]	Same
got7综艺[1:1]	Same
男变女[0:0]	Same
吴孟达[0:0]	Same
大秦帝国第1部[3:3]	Same
包青天之开封奇案[1:1]	Same
刘德华演唱会[0:0]	Same
欢乐好声音[1:1]	Same
鸿观2017全集[5:5]	Same
小猪佩奇第四季[13:13]	Same
1.马天宇[0:0]	Same
2.李敏镐[1:1]	Same
3.汤姆猫动画片[2:2]	Same
4.少年杨家将[1:1]	Same
5.迪加奥特曼电视国语版[3:3]	Same
6.咱家电视剧全集[1:1]	Same
7.古惑仔2之猛龙过江[1:1]	Same
8.wwe2017年4月3日中文版[1:1]	Same
9.奋斗[44:44]	Same
10.紧身裤热舞[0:0]	Same
11.鸭片[1:1]	Same
12.囧女翻身之嗨如花第一季[1:1]	Same
13.陀枪师姐[11:11]	Same
14.离婚前规则[1:1]	Same
15.金星[2:2]	Same
16.手机专用[0:0]	Same
17.厉害了我的歌第2季[1:1]	Same
18.哈尔的移动城堡[4:4]	Same
19.疯岳撬佳人[1:1]	Same
20.风云争霸[1:1]	Same
21.郭麒麟[2:2]	Same
22.热血尖兵电视剧42全集[1:1]	Same
23.十万个冷笑话第3季[4:4]	Same
24.三彶片电视金瓶梅[0:0]	Same
25.钩尖江湖[2:2]	Same
26.敢死队[10:10]	Same
27.木下[1:1]	Same
28.东游记[3:3]	Same
29.凯丽和玩具朋有们[2:2]	Same
30.平凡的世界[3:3]	Same
31.彩虹宝宝[0:0]	Same
32.邱淑贞[0:0]	Same
33.奥特曼玩具[2:2]	Same
34.铠甲勇士捕王电影完整版[6:6]	Same
35.老九门电视剧全集[1:1]	Same
36.欢乐喜剧人岳云鹏相声合集[5:5]	Same
37.深圳合租记[1:1]	Same
38.微微一笑很倾城花絮[2:2]	Same
39.火影忍者国语版[22:22]	Same
40.家有儿女第3部[20:20]	Same
41.芭比之仙子的秘密[1:1]	Same
42.生化危机5[1:1]	Same
43.二炮手[1:1]	Same
44.枪战电视剧大全[2:2]	Same
45.袁姗姗[2:2]	Same
46.速度与激情8完整全集[1:1]	Same
47.大牌对王牌[2:2]	Same
48.火线传奇第3季[3:3]	Same
49.初音未来[1:1]	Same
50.马大帅[4:4]	Same
51.1m舞室[0:0]	Same
52.我的世界大海解说我是僵尸[1:1]	Same
53.高圆圆[1:1]	Same
54.林正英僵尸鬼片[8:8]	Same
55.猛虎特战队[0:0]	Same
56.最佳前男友[1:1]	Same
57.宋小宝小品[0:0]	Same
58.养父的花样年华[1:1]	Same
59.小猪佩奇动画片全集中文版2017[8:8]	Same
60.美人鱼公主[10:9]	onMore:[美人鱼之海盗来袭]
61.岳云鹏孙越相声[1:1]	Same
62.杀手代号47[16:16]	Same
63.苗族[0:0]	Same
64.383520yigikino‍[0:0]	Same
65.呜咪123[2:2]	Same
66.同志电影[4:3]	onMore:[酷儿同玩派续篇]
67.金太郎的幸福生活[3:3]	Same
68.赌神周润发[4:4]	Same
69.性生活[31:31]	Same
70.来吧冠军第2季[2:2]	Same
71.杀八方[1:1]	Same
72.音乐[56:56]	onMore:[音乐潮人, 音乐先疯, 音乐永不停歇, 音乐战国 2011, 音乐之生, 音乐万万岁 2009, 音乐万万岁 2010]	offMore:[半耳音乐节 第一季,TED演讲集:音乐革命,音乐之乡 第四季,理想音乐节 北京站 2016,音乐之乡 第五季,音乐熊猫儿歌真人版,音乐熊猫故事]
73.神奇宝贝第1部[20:20]	Same
74.恶作剧2吻[4:2]	onMore:[一吻定情电影版2:大学篇, 一吻定情2～Love in Tokyo]
75.通灵少女[2:2]	Same
76.飞碟一分钟[4:4]	Same
77.盗墓笔记电视剧全集[2:2]	Same
78.奔跑[22:22]	Same
79.密桃成熟时李丽珍完整版[1:1]	Same
80.got7综艺[1:1]	Same
81.男变女[0:0]	Same
82.吴孟达[0:0]	Same
83.大秦帝国第1部[3:3]	Same
84.包青天之开封奇案[1:1]	Same
85.刘德华演唱会[0:0]	Same
86.欢乐好声音[1:1]	Same
87.鸿观2017全集[5:5]	Same
88.小猪佩奇第四季[13:13]	Same
89.陈翔六点半 2017[5:5]	Same
90.警中英雄[1:1]	Same
91.晓说第2季全集[5:5]	Same
92.情色[31:31]	Same
93.两个女人[6:6]	Same
94.美女被下药迷晕被人玩弄[0:0]	Same
95.泰拉瑞亚[0:0]	Same
96.奇异博士[1:1]	Same
97.金玉良缘[1:1]	Same
98.朱茵[0:0]	Same
99.闪电侠[6:6]	Same
100.肉浦团金瓶梅电影[0:0]	Same
101.我的世界小本解说怪物大乱斗[1:1]	Same
102.吴倩[1:1]	Same
103.决战江南[1:1]	Same
104.罪域[1:1]	Same
105.碰碰狐[19:19]	Same
106.饭拍[0:0]	Same
107.小羊肖恩[5:5]	Same
108.NBA[1:1]	Same
109.街舞[16:16]	Same
110.星际穿越[1:1]	Same
111.一站到底[6:6]	Same
112.温柔的背叛[1:1]	Same
113.信者无敌[1:1]	Same
114.朴信惠[1:1]	Same
115.鸭王电影[0:0]	Same
116.林中小屋[2:2]	Same
117.美女热舞诱惑丝袜[0:0]	Same
118.鬼吹灯之黄皮子坟[5:5]	Same
119.群龙夺宝[2:2]	Same
120.戏说乾隆[3:3]	Same
121.偷拍情侣不雅激情视频[0:0]	Same
122.太乙仙魔录[1:1]	Same
123.八路军[1:1]	Same
124.李卫当官第1部[4:4]	Same
125.屌德斯解说模拟器[0:0]	Same
126.斗鱼女主播[0:0]	Same
127.街拍牛仔裤[0:0]	Same
128.我的父亲母亲[3:3]	Same
129.爆笑校园[2:2]	Same
130.基辅特锦赛[0:0]	Same
131.全职法师[1:1]	Same
132.八阵图[0:0]	Same
133.倚天屠龙记吴启华版国语版[9:9]	Same
134.秦时明月之君临天下第7部[1:1]	Same
135.逃出绝命镇[1:1]	Same
136.光影电视剧[1:1]	Same
137.使徒行者粤语版[2:2]	Same
138.五星红旗迎风飘扬[2:2]	Same
139.假面骑士exaid剧场版吃豆人[1:1]	Same
140.笔仙大战贞子[3:3]	Same
141.吉他教学入门[5:3]	onMore:[Pofei教你学吉他:2014版吉他零基础教学入门, Pofei教你学吉他:2015版吉他零基础教学入门]
142.单挑荒野第2季[4:4]	Same
143.爱情[40:40]	Same
144.死亡笔记[7:7]	Same
145.uygurqa mtv[0:0]	Same
146.僵[1:1]	Same
147.我们结婚了维尼夫妇[12:12]	Same
148.bigbang综艺[0:0]	Same
149.真爱无价国语版[2:2]	Same
150.大王叫我来巡山舞蹈完整版儿童版[1:1]	Same
151.这个杀手不太冷[1:1]	Same
152.我的女孩[3:3]	Same
153.朴恩率[0:0]	Same
154.搞笑蜘蛛侠2016年美人鱼和艾沙[4:4]	Same
155.全娱乐早扒点[29:29]	Same
156.温柔的背后[2:2]	Same
157.吊德斯解[0:0]	Same
158.轩辕剑之天之痕[1:1]	Same
159.王牌对王牌鹿晗吴亦凡[3:3]	Same
160.三级电影[0:0]	Same
161.动感小站[0:0]	Same
162.贵州山歌大全2017新出[0:0]	Same
163.韩国电影密爱完整版[1:1]	Same
