人民的名义
人民的名义
Thread:1 Exception! e:cannot concatenate 'str' and 'dict' objects
Thread:1 Exception! e:cannot concatenate 'str' and 'dict' objects
query:人民的名义
query:人民的名义
Thread:1 Exception! e:cannot concatenate 'str' and 'dict' objects
Thread:1 Exception! e:cannot concatenate 'str' and 'dict' objects
query:人民的名义
query:人民的名义
Thread:1 Exception! e:cannot concatenate 'str' and 'dict' objects
Thread:1 Exception! e:cannot concatenate 'str' and 'dict' objects
query:人民的名义
query:人民的名义
Query:人民的名义 Finished __getImergerJson
Query:人民的名义 Finished __getImergerJson
Thread:1 Exception! e:cannot concatenate 'str' and 'dict' objects
Thread:1 Exception! e:cannot concatenate 'str' and 'dict' objects
query:人民的名义
query:人民的名义
Query:人民的名义 Finished __getImergerJson
Query:人民的名义 Finished __getImergerJson
Thread:1 Exception! e:__parseJsonToObjList() takes exactly 3 arguments (4 given)
Thread:1 Exception! e:__parseJsonToObjList() takes exactly 3 arguments (4 given)
query:人民的名义
query:人民的名义
Query:人民的名义 Finished __getImergerJson
Query:人民的名义 Finished __getImergerJson
Call __parseJsonToObjList query:人民的名义
Call __parseJsonToObjList query:人民的名义
Call __parseJsonToObjList query:人民的名义
Call __parseJsonToObjList query:人民的名义
人民的名义[6:3]	Same
人民的名义[6:3]	Same
query:择天记
query:择天记
Query:择天记 Finished __getImergerJson
Query:择天记 Finished __getImergerJson
Call __parseJsonToObjList query:择天记
Call __parseJsonToObjList query:择天记
Call __parseJsonToObjList query:择天记
Call __parseJsonToObjList query:择天记
择天记[14:10]	Same
择天记[14:10]	Same
query:微微一笑很倾城
query:微微一笑很倾城
Query:微微一笑很倾城 Finished __getImergerJson
Query:微微一笑很倾城 Finished __getImergerJson
Call __parseJsonToObjList query:微微一笑很倾城
Call __parseJsonToObjList query:微微一笑很倾城
Call __parseJsonToObjList query:微微一笑很倾城
Call __parseJsonToObjList query:微微一笑很倾城
微微一笑很倾城[18:16]	Same
微微一笑很倾城[18:16]	Same
query:火影忍者
query:火影忍者
Query:火影忍者 Finished __getImergerJson
Query:火影忍者 Finished __getImergerJson
Call __parseJsonToObjList query:火影忍者
Call __parseJsonToObjList query:火影忍者
Call __parseJsonToObjList query:火影忍者
Call __parseJsonToObjList query:火影忍者
火影忍者[72:45]	Same
火影忍者[72:45]	Same
query:小猪佩奇
query:小猪佩奇
