节目	时间	相关性	vv	资源类型	分类	满意度	ctr	质量分	全命中	总分
越狱 第四季|55923	6.9421[0.138842:50.0]	253.093206[84.364402:3.0]	7.91068[0.791068:10.0]	15.0[0.500000:30.0]	55.215[1.104300:50.0]	0.9[0.090000:10.0]	12.8[0.640000:20.0]	0.2[0.040000:5.0]	0.0[0:20.0]	
越狱|56933	8.9643[0.179286:50.0]	295.950759[98.650253:3.0]	0.0[0.000000:10.0]	3.75[0.125000:30.0]	14.415[0.288300:50.0]	0.0[0.000000:10.0]	8.4[0.420000:20.0]	0.2[0.040000:5.0]	20.0[1:20.0]	
越狱 第一季|15883	3.5193[0.070386:50.0]	253.012326[84.337442:3.0]	8.24578[0.824578:10.0]	15.0[0.500000:30.0]	55.215[1.104300:50.0]	2.1[0.210000:10.0]	13.8[0.690000:20.0]	0.2[0.040000:5.0]	0.0[0:20.0]	
越狱 第二季|15884	4.38275[0.087655:50.0]	253.340271[84.446757:3.0]	8.04812[0.804812:10.0]	15.0[0.500000:30.0]	55.215[1.104300:50.0]	1.35[0.135000:10.0]	12.6[0.630000:20.0]	0.2[0.040000:5.0]	0.0[0:20.0]	
越狱 第三季|15885	5.5882[0.111764:50.0]	253.061163[84.353721:3.0]	7.63657[0.763657:10.0]	15.0[0.500000:30.0]	55.215[1.104300:50.0]	0.9[0.090000:10.0]	12.0[0.600000:20.0]	0.2[0.040000:5.0]	0.0[0:20.0]	
金蝉脱壳|260356	22.12505[0.442501:50.0]	223.159092[74.386364:3.0]	8.62165[0.862165:10.0]	15.0[0.500000:30.0]	14.415[0.288300:50.0]	8.85[0.885000:10.0]	10.0[0.500000:20.0]	0.2[0.040000:5.0]	20.0[1:20.0]	
破茧狂龙|40096	4.8098[0.096196:50.0]	223.672695[74.557565:3.0]	1.46841[0.146841:10.0]	3.75[0.125000:30.0]	14.415[0.288300:50.0]	0.6[0.060000:10.0]	6.4[0.320000:20.0]	0.2[0.040000:5.0]	20.0[1:20.0]	
越狱二人组|41132	4.9766[0.099532:50.0]	141.897708[47.299236:3.0]	5.03416[0.503416:10.0]	15.0[0.500000:30.0]	14.415[0.288300:50.0]	3.45[0.345000:10.0]	8.0[0.400000:20.0]	0.2[0.040000:5.0]	0.0[0:20.0]	
节目	时间	相关性	vv	资源类型	分类	满意度	ctr	质量分	全命中	总分
越狱 第四季|55923	6.94205[0.138841:50.0]	253.093206[84.364402:3.0]	7.91068[0.791068:10.0]	15.0[0.500000:30.0]	55.215[1.104300:50.0]	0.9[0.090000:10.0]	12.8[0.640000:20.0]	0.2[0.040000:5.0]	0.0[0:20.0]	
越狱|56933	8.96425[0.179285:50.0]	295.950759[98.650253:3.0]	0.0[0.000000:10.0]	3.75[0.125000:30.0]	14.415[0.288300:50.0]	0.0[0.000000:10.0]	8.4[0.420000:20.0]	0.2[0.040000:5.0]	20.0[1:20.0]	
越狱 第一季|15883	3.51925[0.070385:50.0]	253.012326[84.337442:3.0]	8.24578[0.824578:10.0]	15.0[0.500000:30.0]	55.215[1.104300:50.0]	2.1[0.210000:10.0]	13.8[0.690000:20.0]	0.2[0.040000:5.0]	0.0[0:20.0]	
越狱 第二季|15884	4.38275[0.087655:50.0]	253.340271[84.446757:3.0]	8.04812[0.804812:10.0]	15.0[0.500000:30.0]	55.215[1.104300:50.0]	1.35[0.135000:10.0]	12.6[0.630000:20.0]	0.2[0.040000:5.0]	0.0[0:20.0]	
越狱 第三季|15885	5.5882[0.111764:50.0]	253.061163[84.353721:3.0]	7.63657[0.763657:10.0]	15.0[0.500000:30.0]	55.215[1.104300:50.0]	0.9[0.090000:10.0]	12.0[0.600000:20.0]	0.2[0.040000:5.0]	0.0[0:20.0]	
金蝉脱壳|260356	22.12495[0.442499:50.0]	223.159092[74.386364:3.0]	8.62165[0.862165:10.0]	15.0[0.500000:30.0]	14.415[0.288300:50.0]	8.85[0.885000:10.0]	10.0[0.500000:20.0]	0.2[0.040000:5.0]	20.0[1:20.0]	
破茧狂龙|40096	4.8098[0.096196:50.0]	223.672695[74.557565:3.0]	1.46841[0.146841:10.0]	3.75[0.125000:30.0]	14.415[0.288300:50.0]	0.6[0.060000:10.0]	6.4[0.320000:20.0]	0.2[0.040000:5.0]	20.0[1:20.0]	
越狱二人组|41132	4.9766[0.099532:50.0]	141.897708[47.299236:3.0]	5.03416[0.503416:10.0]	15.0[0.500000:30.0]	14.415[0.288300:50.0]	3.45[0.345000:10.0]	8.0[0.400000:20.0]	0.2[0.040000:5.0]	0.0[0:20.0]	
节目	时间	相关性	vv	资源类型	分类	满意度	ctr	质量分	全命中	总分
越狱 第四季|55923	6.94205[0.138841:50.0]	253.093206[84.364402:3.0]	7.91068[0.791068:10.0]	15.0[0.500000:30.0]	55.215[1.104300:50.0]	0.9[0.090000:10.0]	12.8[0.640000:20.0]	0.2[0.040000:5.0]	0.0[0:20.0]	
越狱|56933	8.96425[0.179285:50.0]	295.950759[98.650253:3.0]	0.0[0.000000:10.0]	3.75[0.125000:30.0]	14.415[0.288300:50.0]	0.0[0.000000:10.0]	8.4[0.420000:20.0]	0.2[0.040000:5.0]	20.0[1:20.0]	
越狱 第一季|15883	3.51925[0.070385:50.0]	253.012326[84.337442:3.0]	8.24578[0.824578:10.0]	15.0[0.500000:30.0]	55.215[1.104300:50.0]	2.1[0.210000:10.0]	13.8[0.690000:20.0]	0.2[0.040000:5.0]	0.0[0:20.0]	
越狱 第二季|15884	4.38275[0.087655:50.0]	253.340271[84.446757:3.0]	8.04812[0.804812:10.0]	15.0[0.500000:30.0]	55.215[1.104300:50.0]	1.35[0.135000:10.0]	12.6[0.630000:20.0]	0.2[0.040000:5.0]	0.0[0:20.0]	
越狱 第三季|15885	5.5882[0.111764:50.0]	253.061163[84.353721:3.0]	7.63657[0.763657:10.0]	15.0[0.500000:30.0]	55.215[1.104300:50.0]	0.9[0.090000:10.0]	12.0[0.600000:20.0]	0.2[0.040000:5.0]	0.0[0:20.0]	
金蝉脱壳|260356	22.12495[0.442499:50.0]	223.159092[74.386364:3.0]	8.62165[0.862165:10.0]	15.0[0.500000:30.0]	14.415[0.288300:50.0]	8.85[0.885000:10.0]	10.0[0.500000:20.0]	0.2[0.040000:5.0]	20.0[1:20.0]	
破茧狂龙|40096	4.8098[0.096196:50.0]	223.672695[74.557565:3.0]	1.46841[0.146841:10.0]	3.75[0.125000:30.0]	14.415[0.288300:50.0]	0.6[0.060000:10.0]	6.4[0.320000:20.0]	0.2[0.040000:5.0]	20.0[1:20.0]	
越狱二人组|41132	4.9766[0.099532:50.0]	141.897708[47.299236:3.0]	5.03416[0.503416:10.0]	15.0[0.500000:30.0]	14.415[0.288300:50.0]	3.45[0.345000:10.0]	8.0[0.400000:20.0]	0.2[0.040000:5.0]	0.0[0:20.0]	
节目	时间	相关性	vv	资源类型	分类	满意度	ctr	质量分	全命中	总分
越狱 第四季|55923	6.94205[0.138841:50.0]	253.093206[84.364402:3.0]	7.91068[0.791068:10.0]	15.0[0.500000:30.0]	55.215[1.104300:50.0]	0.9[0.090000:10.0]	12.8[0.640000:20.0]	0.2[0.040000:5.0]	0.0[0:20.0]	
越狱|56933	8.9642[0.179284:50.0]	295.950759[98.650253:3.0]	0.0[0.000000:10.0]	3.75[0.125000:30.0]	14.415[0.288300:50.0]	0.0[0.000000:10.0]	8.4[0.420000:20.0]	0.2[0.040000:5.0]	20.0[1:20.0]	
越狱 第一季|15883	3.51925[0.070385:50.0]	253.012326[84.337442:3.0]	8.24578[0.824578:10.0]	15.0[0.500000:30.0]	55.215[1.104300:50.0]	2.1[0.210000:10.0]	13.8[0.690000:20.0]	0.2[0.040000:5.0]	0.0[0:20.0]	
越狱 第二季|15884	4.38275[0.087655:50.0]	253.340271[84.446757:3.0]	8.04812[0.804812:10.0]	15.0[0.500000:30.0]	55.215[1.104300:50.0]	1.35[0.135000:10.0]	12.6[0.630000:20.0]	0.2[0.040000:5.0]	0.0[0:20.0]	
越狱 第三季|15885	5.58815[0.111763:50.0]	253.061163[84.353721:3.0]	7.63657[0.763657:10.0]	15.0[0.500000:30.0]	55.215[1.104300:50.0]	0.9[0.090000:10.0]	12.0[0.600000:20.0]	0.2[0.040000:5.0]	0.0[0:20.0]	
金蝉脱壳|260356	22.1249[0.442498:50.0]	223.159092[74.386364:3.0]	8.62165[0.862165:10.0]	15.0[0.500000:30.0]	14.415[0.288300:50.0]	8.85[0.885000:10.0]	10.0[0.500000:20.0]	0.2[0.040000:5.0]	20.0[1:20.0]	
破茧狂龙|40096	4.8098[0.096196:50.0]	223.672695[74.557565:3.0]	1.46841[0.146841:10.0]	3.75[0.125000:30.0]	14.415[0.288300:50.0]	0.6[0.060000:10.0]	6.4[0.320000:20.0]	0.2[0.040000:5.0]	20.0[1:20.0]	
越狱二人组|41132	4.97655[0.099531:50.0]	141.897708[47.299236:3.0]	5.03416[0.503416:10.0]	15.0[0.500000:30.0]	14.415[0.288300:50.0]	3.45[0.345000:10.0]	8.0[0.400000:20.0]	0.2[0.040000:5.0]	0.0[0:20.0]	
节目	时间	相关性	vv	资源类型	分类	满意度	ctr	质量分	全命中	总分
越狱 第四季|55923	6.94205[0.138841:50.0]	253.093206[84.364402:3.0]	7.91068[0.791068:10.0]	15.0[0.500000:30.0]	55.215[1.104300:50.0]	0.9[0.090000:10.0]	12.8[0.640000:20.0]	0.2[0.040000:5.0]	0.0[0:20.0]	352.060936
越狱|56933	8.9642[0.179284:50.0]	295.950759[98.650253:3.0]	0.0[0.000000:10.0]	3.75[0.125000:30.0]	14.415[0.288300:50.0]	0.0[0.000000:10.0]	8.4[0.420000:20.0]	0.2[0.040000:5.0]	20.0[1:20.0]	351.679959
越狱 第一季|15883	3.51925[0.070385:50.0]	253.012326[84.337442:3.0]	8.24578[0.824578:10.0]	15.0[0.500000:30.0]	55.215[1.104300:50.0]	2.1[0.210000:10.0]	13.8[0.690000:20.0]	0.2[0.040000:5.0]	0.0[0:20.0]	351.092356
越狱 第二季|15884	4.38275[0.087655:50.0]	253.340271[84.446757:3.0]	8.04812[0.804812:10.0]	15.0[0.500000:30.0]	55.215[1.104300:50.0]	1.35[0.135000:10.0]	12.6[0.630000:20.0]	0.2[0.040000:5.0]	0.0[0:20.0]	350.136141
越狱 第三季|15885	5.58815[0.111763:50.0]	253.061163[84.353721:3.0]	7.63657[0.763657:10.0]	15.0[0.500000:30.0]	55.215[1.104300:50.0]	0.9[0.090000:10.0]	12.0[0.600000:20.0]	0.2[0.040000:5.0]	0.0[0:20.0]	349.600883
金蝉脱壳|260356	22.1249[0.442498:50.0]	223.159092[74.386364:3.0]	8.62165[0.862165:10.0]	15.0[0.500000:30.0]	14.415[0.288300:50.0]	8.85[0.885000:10.0]	10.0[0.500000:20.0]	0.2[0.040000:5.0]	20.0[1:20.0]	322.370642
破茧狂龙|40096	4.80975[0.096195:50.0]	223.672695[74.557565:3.0]	1.46841[0.146841:10.0]	3.75[0.125000:30.0]	14.415[0.288300:50.0]	0.6[0.060000:10.0]	6.4[0.320000:20.0]	0.2[0.040000:5.0]	20.0[1:20.0]	275.315855
越狱二人组|41132	4.97655[0.099531:50.0]	141.897708[47.299236:3.0]	5.03416[0.503416:10.0]	15.0[0.500000:30.0]	14.415[0.288300:50.0]	3.45[0.345000:10.0]	8.0[0.400000:20.0]	0.2[0.040000:5.0]	0.0[0:20.0]	192.973418
