节目	时间	相关性	vv	资源类型	分类	满意度	ctr	质量分	全命中	总分
奔跑吧 2017|314721	98.6429[0.986429:100.0]	284.006235[94.668745:3.0]	0.81034[0.081034:10.0]	15.0[0.500000:30.0]	202.17[2.021700:100.0]	0.075[0.015000:5.0]	17.6[0.880000:20.0]	0.2[0.040000:5.0]	0.0[0:20.0]	618.504475
奔跑吧兄弟 第四季|305840	86.6825[0.866825:100.0]	270.381402[90.127134:3.0]	8.33628[0.833628:10.0]	15.0[0.500000:30.0]	202.17[2.021700:100.0]	1.65[0.330000:5.0]	14.4[0.720000:20.0]	0.2[0.040000:5.0]	0.0[0:20.0]	598.820182
奔跑吧兄弟  第二季|297050	76.1724[0.761724:100.0]	271.121355[90.373785:3.0]	9.62266[0.962266:10.0]	15.0[0.500000:30.0]	202.17[2.021700:100.0]	6.525[1.305000:5.0]	14.2[0.710000:20.0]	0.2[0.040000:5.0]	0.0[0:20.0]	595.011415
奔跑吧兄弟 第三季|301394	81.6627[0.816627:100.0]	270.488472[90.162824:3.0]	8.82704[0.882704:10.0]	15.0[0.500000:30.0]	202.17[2.021700:100.0]	2.25[0.450000:5.0]	13.4[0.670000:20.0]	0.2[0.040000:5.0]	0.0[0:20.0]	593.998212
奔跑吧兄弟 第一季|287816	71.228[0.712280:100.0]	270.71517[90.238390:3.0]	9.6386[0.963860:10.0]	15.0[0.500000:30.0]	202.17[2.021700:100.0]	6.075[1.215000:5.0]	12.6[0.630000:20.0]	0.2[0.040000:5.0]	0.0[0:20.0]	587.62677
奔跑吧兄弟|296859	74.1179[0.741179:100.0]	300.0[100.000000:3.0]	9.25418[0.925418:10.0]	15.0[0.500000:30.0]	19.98[0.199800:100.0]	5.1[1.020000:5.0]	13.8[0.690000:20.0]	0.2[0.040000:5.0]	20.0[1:20.0]	457.45208
Http request exception, query: e:'module' object has no attribute 'loads'
parse json exception, query:, e:'NoneType' object has no attribute '__getitem__'
节目	付费	时间	相关性	vv	资源类型	分类	满意度	ctr	质量分	全命中	总分
节目	付费	时间	相关性	vv	资源类型	分类	满意度	ctr	质量分	全命中	总分
奔跑吧 2017|314721	0.0[0.000000:10.0]	98.1575[0.981575:100.0]	284.006235[94.668745:3.0]	0.81034[0.081034:10.0]	15.0[0.500000:30.0]	207.54[2.075400:100.0]	0.075[0.015000:5.0]	17.6[0.880000:20.0]	0.2[0.040000:5.0]	0.0[0:20.0]	623.389075
奔跑吧兄弟 第四季|305840	0.0[0.000000:10.0]	86.256[0.862560:100.0]	270.4821[90.160700:3.0]	8.33628[0.833628:10.0]	15.0[0.500000:30.0]	207.54[2.075400:100.0]	1.65[0.330000:5.0]	14.4[0.720000:20.0]	0.2[0.040000:5.0]	0.0[0:20.0]	603.86438
奔跑吧兄弟  第二季|297050	0.0[0.000000:10.0]	75.7975[0.757975:100.0]	271.216812[90.405604:3.0]	9.62266[0.962266:10.0]	15.0[0.500000:30.0]	207.54[2.075400:100.0]	6.525[1.305000:5.0]	14.2[0.710000:20.0]	0.2[0.040000:5.0]	0.0[0:20.0]	600.101972
奔跑吧兄弟 第三季|301394	0.0[0.000000:10.0]	81.2608[0.812608:100.0]	270.58917[90.196390:3.0]	8.82704[0.882704:10.0]	15.0[0.500000:30.0]	207.54[2.075400:100.0]	2.25[0.450000:5.0]	13.4[0.670000:20.0]	0.2[0.040000:5.0]	0.0[0:20.0]	599.06701
奔跑吧兄弟 第一季|287816	0.0[0.000000:10.0]	70.8775[0.708775:100.0]	270.815868[90.271956:3.0]	9.6386[0.963860:10.0]	15.0[0.500000:30.0]	207.54[2.075400:100.0]	6.075[1.215000:5.0]	12.6[0.630000:20.0]	0.2[0.040000:5.0]	0.0[0:20.0]	592.746968
奔跑吧兄弟|296859	0.0[0.000000:10.0]	73.7531[0.737531:100.0]	300.0[100.000000:3.0]	9.25418[0.925418:10.0]	15.0[0.500000:30.0]	19.28[0.192800:100.0]	5.1[1.020000:5.0]	13.8[0.690000:20.0]	0.2[0.040000:5.0]	20.0[1:20.0]	456.38728
节目	付费	时间	相关性	vv	资源类型	分类	满意度	ctr	质量分	全命中	总分
节目	付费	时间	相关性	vv	资源类型	分类	满意度	ctr	质量分	全命中	总分
奔跑吧兄弟  第二季|297050	0.0[0.000000:10.0]	75.797[0.757970:100.0]	259.005927[86.335309:3.0]	9.62266[0.962266:10.0]	15.0[0.500000:30.0]	207.54[2.075400:100.0]	6.525[1.305000:5.0]	14.2[0.710000:20.0]	0.2[0.040000:5.0]	0.0[0:20.0]	587.890587
奔跑吧 2017|314721	0.0[0.000000:10.0]	98.1568[0.981568:100.0]	263.50191[87.833970:3.0]	0.81034[0.081034:10.0]	15.0[0.500000:30.0]	207.54[2.075400:100.0]	0.075[0.015000:5.0]	17.6[0.880000:20.0]	0.2[0.040000:5.0]	0.0[0:20.0]	602.88405
奔跑吧兄弟 第一季|287816	0.0[0.000000:10.0]	70.877[0.708770:100.0]	258.259119[86.086373:3.0]	9.6386[0.963860:10.0]	15.0[0.500000:30.0]	207.54[2.075400:100.0]	6.075[1.215000:5.0]	12.6[0.630000:20.0]	0.2[0.040000:5.0]	0.0[0:20.0]	580.189719
奔跑吧兄弟 第四季|305840	0.0[0.000000:10.0]	86.2554[0.862554:100.0]	258.094041[86.031347:3.0]	8.33628[0.833628:10.0]	15.0[0.500000:30.0]	207.54[2.075400:100.0]	1.65[0.330000:5.0]	14.4[0.720000:20.0]	0.2[0.040000:5.0]	0.0[0:20.0]	591.475721
奔跑吧兄弟 第三季|301394	0.0[0.000000:10.0]	81.2602[0.812602:100.0]	258.147087[86.049029:3.0]	8.82704[0.882704:10.0]	15.0[0.500000:30.0]	207.54[2.075400:100.0]	2.25[0.450000:5.0]	13.4[0.670000:20.0]	0.2[0.040000:5.0]	0.0[0:20.0]	586.624327
奔跑吧兄弟|296859	0.0[0.000000:10.0]	73.7526[0.737526:100.0]	273.24219[91.080730:3.0]	9.25418[0.925418:10.0]	15.0[0.500000:30.0]	19.28[0.192800:100.0]	5.1[1.020000:5.0]	13.8[0.690000:20.0]	0.2[0.040000:5.0]	20.0[1:20.0]	429.62897
节目	付费	时间	相关性	vv	资源类型	分类	满意度	ctr	质量分	全命中	总分
奔跑吧 2017|314721	0.0[0.000000:10.0]	98.1567[0.981567:100.0]	284.006235[94.668745:3.0]	0.81034[0.081034:10.0]	15.0[0.500000:30.0]	207.54[2.075400:100.0]	0.075[0.015000:5.0]	17.6[0.880000:20.0]	0.2[0.040000:5.0]	0.0[0:20.0]	623.388275
奔跑吧兄弟 第四季|305840	0.0[0.000000:10.0]	86.2553[0.862553:100.0]	270.4821[90.160700:3.0]	8.33628[0.833628:10.0]	15.0[0.500000:30.0]	207.54[2.075400:100.0]	1.65[0.330000:5.0]	14.4[0.720000:20.0]	0.2[0.040000:5.0]	0.0[0:20.0]	603.86368
奔跑吧兄弟  第二季|297050	0.0[0.000000:10.0]	75.797[0.757970:100.0]	271.216812[90.405604:3.0]	9.62266[0.962266:10.0]	15.0[0.500000:30.0]	207.54[2.075400:100.0]	6.525[1.305000:5.0]	14.2[0.710000:20.0]	0.2[0.040000:5.0]	0.0[0:20.0]	600.101472
奔跑吧兄弟 第三季|301394	0.0[0.000000:10.0]	81.2602[0.812602:100.0]	270.58917[90.196390:3.0]	8.82704[0.882704:10.0]	15.0[0.500000:30.0]	207.54[2.075400:100.0]	2.25[0.450000:5.0]	13.4[0.670000:20.0]	0.2[0.040000:5.0]	0.0[0:20.0]	599.06641
奔跑吧兄弟 第一季|287816	0.0[0.000000:10.0]	70.877[0.708770:100.0]	270.815868[90.271956:3.0]	9.6386[0.963860:10.0]	15.0[0.500000:30.0]	207.54[2.075400:100.0]	6.075[1.215000:5.0]	12.6[0.630000:20.0]	0.2[0.040000:5.0]	0.0[0:20.0]	592.746468
奔跑吧兄弟|296859	0.0[0.000000:10.0]	73.7526[0.737526:100.0]	300.0[100.000000:3.0]	9.25418[0.925418:10.0]	15.0[0.500000:30.0]	19.28[0.192800:100.0]	5.1[1.020000:5.0]	13.8[0.690000:20.0]	0.2[0.040000:5.0]	20.0[1:20.0]	456.38678
节目	付费	时间	相关性	vv	资源类型	分类	满意度	ctr	质量分	全命中	总分
节目	付费	时间	相关性	vv	资源类型	分类	满意度	ctr	质量分	全命中	总分
