人民的名义[3:3]	Same
择天记[4:4]	Same
微微一笑很倾城[2:2]	Same
火影忍者[15:15]	Same
小猪佩奇[20:20]	Same
三生三世十里桃花[2:2]	Same
秦时明月之君临天下[1:1]	Same
鲜肉老师[1:1]	Same
欢乐喜剧人第3季[5:5]	Same
奔跑吧兄弟2017迪丽热巴第5季[5:5]	Same
奥特曼[29:28]	onMore:[110523|梦比优斯奥特曼; 19741|雷欧奥特曼; 104926|盖亚奥特曼; 104930|戴拿奥特曼; 280403|赛罗奥特曼格斗 第一季]	offMore:[274883|赛罗奥特曼外传 有机生命体的危机:STAGE1 钢铁宇宙; 110518|奥特曼剧场版 2003:最终决战; 110505|奥特曼剧场版 1997:超人大战; 110507|奥特曼剧场版 1998:星光战士]
花儿与少年第3季[3:3]	Same
御姐归来[1:1]	Same
熊出没[9:9]	Same
外科风云[1:1]	Same
继承人[4:4]	Same
海贼王[24:23]	onMore:[306443|海贼王剧场版 2016:黄金城]
熊熊乐园[1:1]	Same
爱情公寓[7:7]	Same
晓说[3:3]	Same
奔跑吧[18:19]	offMore:[304989|黑色闪电]
奔跑吧兄弟[6:6]	Same
蜡笔小新[30:23]	onMore:[110426|蜡笔小新1997剧场版 黑暗珠珠大追击; 110434|蜡笔小新2007剧场版 小白的屁屁炸弹; 110424|蜡笔小新1993剧场版 动感超人VS高衩魔; 110425|蜡笔小新1994剧场版 不理不理王国的秘宝; 110430|蜡笔小新2003剧场版 风起云涌!光荣烧肉之路; 110413|蜡笔小新1996剧场版 搞怪游乐园大冒险; 110429|蜡笔小新2002剧场版 壮烈!战国大会战; 117246|蜡笔小新1999剧场版 爆发!温泉激烈大决战]	offMore:[303504|小新超人]
秦时明月[5:5]	Same
西游记[17:17]	Same
花儿与少年[3:3]	Same
笑声传奇[1:1]	Same
熊出没之奇幻空间[3:1]	onMore:[242261|熊出没; 275137|熊出没之过年]
思美人[1:1]	Same
超级飞侠[10:11]	offMore:[316601|汤圆的超级飞侠玩具 第一季]
欢乐喜剧人[5:5]	Same
我的世界[2:2]	Same
三国演义[3:2]	onMore:[19036|三国]
名侦探柯南[24:27]	onMore:[105757|名侦探柯南剧场版 2007:绀碧之棺; 110872|名侦探柯南 16人的嫌疑犯]	offMore:[213447|名侦探柯南 柯南与基德与水晶之母; 213481|名侦探柯南 女子高中生侦探 铃木园子的事件簿; 110865|名侦探柯南剧场版 1999:世纪末的魔术师; 213431|名侦探柯南 柯南与平次与消失的少年; 110860|名侦探柯南 宝刀争夺大作战]
myanmar[0:0]	Same
极限挑战[3:3]	Same
铁血军魂[2:2]	Same
我想和你唱[2:2]	Same
人民的名义全集[3:3]	Same
黄大妮[1:1]	Same
金星秀[3:3]	Same
许华升[1:1]	Same
王牌对王牌[3:3]	Same
林正英僵尸鬼片大全[2:2]	Same
春娇与志明[3:3]	Same
择天记电视剧[4:4]	Same
鹿晗[3:3]	Same
跑男第5季[7:7]	Same
外科风云电视剧[1:1]	Same
小伶玩具[1:1]	Same
海底小纵队[3:3]	Same
速度与激情8[2:2]	Same
城寨英雄[1:1]	Same
周星驰[0:0]	Same
漂洋过海来看你[0:0]	Same
火星情报局[2:2]	Same
陈翔六点半[4:4]	Same
变形计[6:6]	Same
神雕侠侣[10:11]	offMore:[21954|九一神雕侠侣]
高能少年团[1:1]	Same
谢文东第3季[4:4]	Same
御姐归来电视剧[1:1]	Same
奔跑吧兄弟2017第5季[5:5]	Same
熊出没之冬日乐翻天[1:1]	Same
迪迦奥特曼[2:2]	Same
熊出没之熊熊乐园[4:2]	onMore:[242261|熊出没; 275137|熊出没之过年]
花儿与少年3·冒险季[3:3]	Same
快乐大本营2017[12:12]	Same
天龙八部[8:8]	Same
爱情保卫战2017[8:8]	Same
秦时明月之天行九歌[3:3]	onMore:[296454|秦时明月 TV版]	offMore:[289157|秦时明月特别篇:空山鸟语]
狐狸的夏天[1:1]	Same
暴走大事件[6:6]	Same
parse json exception, query:电视剧, e:'programmeId'
parse json exception, query:电视剧, e:'programmeId'
电视剧[30:30]	onMore:[309595|铁血将军; 55305|学警狙击]	offMore:[309260|极品家丁 弹幕版; 259846|护花危情]
我和僵尸有个约会[3:3]	Same
我的狐仙老婆[1:1]	Same
极限挑战第2季[3:3]	Same
汪汪队立大功第1季[2:2]	Same
爱情公寓3[7:7]	Same
wwe[13:0]	onMore:[271725|International SmackDown 2013; 285631|International SmackDown 2014; 285632|International Raw 2014; 311764|WWE美国职业摔角 2016; 242192|International Raw 2012; 271830|International Raw 2013; 199803|International Raw 2011; 314417|WWE美国职业摔角 2017; 199806|International SmackDown 2011; 302373|International Raw 2016; 302376|International SmackDown 2016; 295130|International SmackDown 2015; 234208|International SmackDown 2012]
大明王朝1566[2:2]	Same
林正英[1:1]	Same
繁星四月[1:1]	Same
小马宝莉[15:15]	Same
变形计2017[4:4]	Same
神奇宝贝[5:5]	Same
parse json exception, query:周星驰电影全集, e:'programmeId'
parse json exception, query:周星驰电影全集, e:'programmeId'
周星驰电影全集[17:17]	Same
画江湖之不良人第2季[5:5]	Same
向往的生活[1:1]	Same
parse json exception, query:奥特曼大电影, e:'programmeId'
parse json exception, query:奥特曼大电影, e:'programmeId'
奥特曼大电影[10:10]	onMore:[280404|赛罗奥特曼格斗 第二季; 274883|赛罗奥特曼外传 有机生命体的危机:STAGE1 钢铁宇宙; 278939|赛罗奥特曼外传 有机生命体的危机:STAGE2 流星的誓言]	offMore:[19741|雷欧奥特曼; 208386|奥特银河传说 外传 赛罗奥特曼vs黑暗洛普斯赛罗 Stage2:塞罗的决死之战; 104930|戴拿奥特曼]
屌德斯[0:0]	Same
猪猪侠[23:24]	offMore:[316937|玩具SHOW猪猪侠玩具 第一季]
我们的挑战[1:1]	Same
parse json exception, query:床戏, e:'programmeId'
parse json exception, query:床戏, e:'programmeId'
床戏[25:24]	onMore:[304563|欲链迷情]
外科风云电视剧全集[1:1]	Same
微微一笑很倾城电视剧[2:2]	Same
因为遇见你[1:1]	Same
妈妈是超人[2:2]	Same
running man[13:16]	offMore:[11574|大块头有大智慧; 23482|过关斩将; 11698|赌命威龙]
欢乐颂[6:3]	onMore:[280255|The sing-off 2010; 42132|复制贝多芬; 56898|喜悦]
金星秀2017[3:3]	Same
武林外传[3:3]	Same
继承人电视剧[1:1]	Same
镇魂街[2:2]	Same
终极一班[3:3]	Same
星光灿烂[2:2]	Same
黄大妮电视剧全集[1:1]	Same
海绵宝宝[10:10]	Same
银魂[7:7]	Same
人民的名义 TV版[3:3]	Same
神话[8:5]	onMore:[248319|神话放送 2012; 123488|神话传说; 78927|爱情神话]
大头儿子小头爸爸[2:2]	Same
热血尖兵[1:1]	Same
你的名字[1:1]	Same
parse json exception, query:美人鱼, e:'programmeId'
parse json exception, query:美人鱼, e:'programmeId'
美人鱼[18:19]	offMore:[300559|咕噜咕噜美人鱼]
我的世界小本[1:1]	Same
天行九歌[1:1]	Same
速度与激情[9:9]	Same
旋风少女[2:2]	Same
逆风笑[0:0]	Same
水浒传[5:5]	Same
棉花糖和云朵妈妈[2:2]	Same
新白娘子传奇[1:1]	Same
德云社[30:29]	onMore:[61667|郭德纲德云社为玉树义演]
侣行[3:3]	Same
parse json exception, query:鬼片, e:'programmeId'
parse json exception, query:鬼片, e:'programmeId'
鬼片[30:30]	onMore:[305430|我的同学不是人]	offMore:[311570|怨灵地下室]
parse json exception, query:恐龙, e:'programmeId'
parse json exception, query:恐龙, e:'programmeId'
恐龙[16:18]	offMore:[281601|恐龙当家; 297640|恐龙来了]
黄色[7:4]	onMore:[12110|黄色潜水艇; 255901|黄色复仇草; 126766|黄色香车]
飞刀又见飞刀[3:3]	Same
光头强[1:1]	Same
铠甲勇士[9:8]	onMore:[60389|铠甲勇士之帝皇侠]
kino[0:0]	Same
猫和老鼠[26:29]	onMore:[260436|猫和老鼠 逍遥猫]	offMore:[260393|猫和老鼠 乘猫之危; 260421|猫和老鼠 猫鼠大战; 260414|猫和老鼠 老鼠和狮子; 260416|猫和老鼠 老鼠学校]
中国boy[0:0]	Same
致青春[7:6]	onMore:[263893|致我们终将逝去的青春]
名侦探柯南国语版[24:24]	onMore:[213494|名侦探柯南 怪盗基德孤岛决战]	offMore:[110861|名侦探柯南 十年后的陌生人]
思美人电视剧[0:0]	Same
parse json exception, query:假面骑士, e:'programmeId'
parse json exception, query:假面骑士, e:'programmeId'
假面骑士[9:9]	Same
大唐荣耀2[1:1]	Same
赛小花的远大前程[0:0]	Same
青云志[3:3]	Same
欢乐喜剧人 第三季[5:5]	Same
王者荣耀[0:0]	Same
韩国电影激情电影正片情事[3:2]	onMore:[291226|情事 第一季]
搞笑蜘蛛侠[3:3]	Same
脱美女的衣服亲美女的胸[0:0]	Same
打屁股[0:0]	Same
迪丽热巴[0:0]	Same
择天记 TV版[4:4]	Same
琅琊榜[1:1]	Same
美女热舞[0:0]	Same
妈妈是超人第2季[2:2]	Same
漂洋过海来看你电视剧全集[0:0]	Same
快乐大本营[11:11]	Same
梦想三国[1:1]	Same
憨豆先生[3:2]	onMore:[21168|憨豆先生的大灾难]
巴啦啦小魔仙[10:10]	Same
西游记86版[12:12]	Same
你的传奇之危机四伏[1:1]	Same
生化危机[8:8]	Same
刺客信条[1:1]	Same
王牌对王牌第1季[3:3]	Same
广场舞[12:12]	Same
糊涂县令郑板桥[1:1]	Same
parse json exception, query:美女, e:'programmeId'
parse json exception, query:美女, e:'programmeId'
美女[21:27]	onMore:[307040|美女与野兽]	offMore:[300703|美女也疯狂; 297452|美女敢死队; 56196|美女不坏; 311700|美女大情报 第一季; 294414|美女的诞生; 22918|美女与野兽; 282004|美女与野兽]
极品家丁[2:2]	Same
仙剑奇侠传三[1:1]	Same
苗族电影[0:0]	Same
笑傲江湖[13:13]	Same
鬼片电影大全最恐怖片[3:3]	Same
parse json exception, query:李连杰电影全集, e:'programmeId'
parse json exception, query:李连杰电影全集, e:'programmeId'
李连杰电影全集[17:18]	offMore:[21562|致命摇篮]
斗破苍穹[2:2]	Same
璀璨人生[4:5]	offMore:[54344|灿烂的遗产]
终极一班3[1:1]	Same
吻戏[0:0]	Same
朗读者[2:2]	Same
我的世界大海解说[1:1]	Same
古惑仔[21:21]	Same
变形金刚[26:27]	onMore:[123670|变形金刚之汽车人战记; 119680|变形金刚2010]	offMore:[282609|变形金刚领袖之证剧场版 野兽猎人; 297308|Q变形金刚 归来的擎天柱之谜 第一季; 110234|变形金刚 头领战士]
囧女翻身之嗨如花[1:1]	Same
小枫[0:0]	Same
北美玩具[1:1]	Same
北方大地[1:1]	Same
籽岷[0:0]	Same
parse json exception, query:成人电影激情欲望, e:'programmeId'
parse json exception, query:成人电影激情欲望, e:'programmeId'
成人电影激情欲望[22:23]	onMore:[105940|迷幻激情]	offMore:[272815|激情模特儿; 156603|激情辩护]
假面骑士exaid[0:0]	Same
花千骨[2:2]	Same
超级飞侠三[1:1]	Same
一起来看流星雨[3:2]	onMore:[60858|一起又看流星雨]
汪汪队立大功[2:2]	Same
爱来的刚好[1:1]	Same
日本美女写真性感诱惑视频[0:0]	Same
哆啦a梦[30:30]	onMore:[110468|哆啦A梦 大雄的日本诞生; 110472|哆啦A梦 大雄和银河超特快列车; 110466|哆啦A梦 大雄与龙骑士]	offMore:[120984|哆啦A梦 2112年哆啦A梦的诞生; 121274|哆啦A梦七小子 虫虫跳跳大作战!; 121048|哆啦A梦七小子 点心娜娜王国]
继承人电视剧全集[1:1]	Same
彩虹月亮[1:1]	Same
袁腾飞[3:3]	Same
神兽金刚[4:4]	Same
僵尸[26:12]	onMore:[309538|僵尸未成年; 168499|邻家僵尸; 31986|僵尸至尊; 34319|僵尸人FIDO; 236391|僵尸新人仔; 304569|僵尸也疯狂; 315348|僵尸先生和校花!; 32308|僵尸少爷; 92041|僵尸新战士; 10896|少林僵尸; 222649|僵尸启示录:救赎; 128645|僵尸蜜月; 306374|僵尸少女; 57398|僵尸之地; 28977|僵尸新娘; 301197|僵尸归来; 11798|僵尸复活]	offMore:[14707|僵尸道长 第一部; 14650|僵尸福星; 27209|僵尸先生4之僵尸叔叔]
薛之谦[2:2]	Same
乡村爱情[13:13]	Same
生化危机6终章[1:1]	Same
热血长安[1:1]	Same
贝瓦儿歌[4:3]	onMore:[314106|首届儿歌盛典]
成龙[2:2]	Same
冰雪奇缘[2:2]	Same
余罪[0:0]	Same
志明与春娇[2:2]	Same
大唐荣耀[2:2]	Same
小公主苏菲亚[4:4]	Same
神探狄仁杰[5:5]	Same
托马斯和他的朋友们[16:16]	Same
大话西游[5:4]	onMore:[18955|齐天大圣孙悟空]
万万没想到[6:6]	Same
小猪佩奇第6季中文版[14:13]	onMore:[316603|汤圆的小猪佩奇玩具 第一季]
谢文东[4:4]	Same
倒霉熊[4:4]	Same
花儿与少年第2季[3:3]	Same
逍遥小枫[0:0]	Same
红楼梦87版全集[5:5]	Same
射雕英雄传[6:6]	Same
爱人的谎言[1:1]	Same
家有儿女[9:9]	Same
甄嬛传[3:2]	onMore:[18629|后宫甄嬛传]
岳云鹏[2:2]	Same
欧布奥特曼[3:3]	Same
超人回来了[5:5]	Same
葫芦娃[6:3]	onMore:[308811|新葫芦兄弟 第一季; 308884|新葫芦兄弟 第二季; 109980|葫芦兄弟]
韩国女主播[0:0]	Same
苦咖啡[3:3]	Same
三生三世十里桃花电视剧[2:2]	Same
徐老师来巡山[0:0]	Same
郭德纲[10:10]	Same
天龙八部黄日华版[7:7]	Same
夏目友人帐[9:9]	Same
还珠格格[4:4]	Same
奔跑吧兄弟2017第5季第1期[5:5]	Same
三国[10:14]	offMore:[28125|忍者无敌; 231098|SD敢达三国传 Brave Battle Warriors; 286256|腾飞五千年之汉末三国; 277149|春秋淹城]
凯利和玩具朋友们[2:2]	Same
恐龙世界[2:2]	Same
大力女子都奉顺[1:1]	Same
爆兽猎人[1:1]	Same
赵丽颖[1:1]	Same
全职高手[1:1]	Same
少年包青天[4:4]	Same
夜市人生[2:2]	Same
我家有喜[2:2]	Same
锦绣未央[1:1]	Same
奇趣蛋[9:9]	Same
龙珠超[2:2]	Same
楚汉传奇[1:1]	Same
非诚勿扰[10:9]	onMore:[303198|缘来非诚勿扰 2016]
乘风破浪[8:7]	onMore:[128499|风：超越极速]
我是特种兵[2:2]	Same
动物兄弟[4:4]	Same
花儿与少年第三季[3:3]	Same
亮剑[3:2]	onMore:[224576|新亮剑]
郑爽[0:0]	Same
速度与激情1一8完整全集[8:8]	Same
老爸当家[3:2]	onMore:[278031|男人成长录]
城寨英雄国语版全集[1:1]	Same
parse json exception, query:成龙电影, e:'programmeId'
parse json exception, query:成龙电影, e:'programmeId'
成龙电影[23:23]	Same
青云志2[3:3]	Same
小花仙[4:3]	onMore:[305873|小花仙大电影之奇迹少女]
乡村爱情9全集免费版全集2017[3:3]	Same
汪汪队立大功第2季23[2:2]	Same
小熊flippy[0:0]	Same
金瓶梅[0:0]	Same
爱情公寓 第三季[7:7]	Same
封神榜[12:11]	onMore:[298865|封神传奇]
植物大战僵尸[1:1]	Same
parse json exception, query:泰剧, e:'programmeId'
parse json exception, query:泰剧, e:'programmeId'
泰剧[8:8]	Same
放开我北鼻第2季[2:2]	Same
鸿观[3:3]	Same
刘德华[0:0]	Same
parse json exception, query:蜘蛛侠, e:'programmeId'
parse json exception, query:蜘蛛侠, e:'programmeId'
蜘蛛侠[10:10]	Same
神探夏洛克[5:5]	Same
杨洋[3:3]	Same
赛罗奥特曼[8:8]	Same
求婚大作战[3:3]	Same
网球王子[10:10]	Same
云巅之上第2季[2:2]	Same
云南山歌[0:0]	Same
我是特种兵之利刃出鞘[2:2]	Same
心理追凶[6:6]	Same
七龙珠[3:3]	Same
战狼2[2:2]	Same
薛平贵与王宝钏[1:1]	Same
唐唐脱口秀[1:1]	Same
欢乐颂第2季[3:3]	Same
徐晓冬[0:0]	Same
爱情保卫战[8:8]	Same
西游记后传[1:1]	Same
风一样的坑爹哥[0:0]	Same
焦急的罗曼史[6:5]	onMore:[284480|闪耀的罗曼史]
丝袜[0:0]	Same
举重妖精金福珠[1:1]	Same
parse json exception, query:电影, e:'programmeId'
parse json exception, query:电影, e:'programmeId'
电影[30:30]	Same
十万个冷笑话[4:4]	Same
parse json exception, query:动画片, e:'programmeId'
parse json exception, query:动画片, e:'programmeId'
动画片[30:30]	Same
克拉恋人[2:2]	Same
ERROR:
Thread:1 Finished.
i:1
i:2
i:3
i:4
i:5
i:6
i:7
i:8
i:9
i:10
i:11
i:12
i:13
i:14
i:15
i:16
i:17
i:18
i:19
i:20
i:21
i:22
i:23
parse json exception, query:成龙电影, e:'programmeId'
i:1
i:2
i:3
i:4
i:5
i:6
i:7
i:8
i:9
i:10
i:11
i:12
i:13
i:14
i:15
i:16
i:17
i:18
i:19
i:20
i:21
i:22
i:23
parse json exception, query:成龙电影, e:'programmeId'
成龙电影[23:23]	Same
ERROR:
Thread:1 Finished.
i:1, showid:283994
i:2, showid:288802
i:3, showid:46812
i:4, showid:79777
i:5, showid:116214
i:6, showid:51096
i:7, showid:58352
i:8, showid:116223
i:9, showid:116243
i:10, showid:284928
i:11, showid:58379
i:12, showid:197160
i:13, showid:52961
i:14, showid:24069
i:15, showid:26515
i:16, showid:22264
i:17, showid:22879
i:18, showid:20598
i:19, showid:21899
i:20, showid:24454
i:21, showid:106970
i:22, showid:30359
i:23, showid:22275
parse json exception, query:成龙电影, e:'programmeId'
i:1, showid:283994
i:2, showid:288802
i:3, showid:46812
i:4, showid:79777
i:5, showid:116214
i:6, showid:51096
i:7, showid:58352
i:8, showid:116223
i:9, showid:116243
i:10, showid:284928
i:11, showid:58379
i:12, showid:197160
i:13, showid:52961
i:14, showid:24069
i:15, showid:26515
i:16, showid:22264
i:17, showid:22879
i:18, showid:20598
i:19, showid:21899
i:20, showid:24454
i:21, showid:106970
i:22, showid:30359
i:23, showid:22275
parse json exception, query:成龙电影, e:'programmeId'
成龙电影[23:23]	Same
ERROR:
Thread:1 Finished.
成龙电影[26:26]	Same
ERROR:
Thread:1 Finished.
