奔跑吧兄弟2017迪丽热巴第5季	0
欢乐颂1	5
天龙八部黄日华版	0
仙剑奇侠传三	1
爱情公寓3	5
速度与激情8	0
荣耀9	0
封神榜陈浩民版全集	0
古惑仔系列全十部	0
终极一班3	1
终极一班4	1
汪汪队立大功第2季23	2
电视剧欢乐颂2	4
战狼2	0
青云志2	1
夏至未至第1集	5
加勒比海盗1	5
爱情公寓4	1
半斤八两	0
假面骑士exaid35	0
深夜食堂黄磊	0
仙剑奇侠传1	5
林正英僵尸鬼片大全电影僵尸先生	0
猛鬼山坟2	0
木乃伊1	5
蜡笔小新新番	2
笑声传奇第4期	1
薛平贵与王宝钏全集54	5
produce101	0
快乐大本营2017鹿晗和迪丽热巴	0
赌神2	1
新白娘子传奇电视剧全集50	3
假面骑士exaid35字幕	0
变形金刚5	0
非诚勿扰2017最新一期	0
旺旺队立达工汪汪队立大功全集48	0
终极一班2	5
木乃伊3	2
我想和你唱第1季薛之谦	0
古惑仔1人在江湖	5
乡村爱情7	5
乡村爱情8全集免费版全集	5
亮剑李幼斌	0
微微一笑很倾城2	2
等着我2017最新一期	0
花儿与少年3 冒险季	0
鹿鼎记周星驰	0
僵尸道长2	5
洗冤录2	3
征服孙红雷版	0
三国演义老版84唐国强	0
西游记陈浩民版	0
谢文东5	5
医馆笑传2	2
精武门甄子丹电视剧	0
哆啦a梦新番	3
速度与激情7	0
加勒比海盗3	2
冲上云霄2	5
抗日奇侠电视剧全集第35集	1
欢乐颂1电视剧全集	5
御姐归来全集36	4
风云2	2
秦时明月之君临天下大结局	1
中国刑警803	0
天龙八部黄日华版国语版	0
法证先锋1	5
超人回来了宋家三胞胎合集	0
齐天大圣孙悟空张卫健国语版	0
加勒比海盗2	2
大唐荣耀2	2
许华升影视工作室系列2017最新	0
爱情公寓2	5
微微一笑很倾城26集免费	1
命中注定我爱你陈乔恩	0
变形金刚4	0
岳云鹏孙越相声欢乐喜剧人	0
乡村爱情6	5
加勒比海盗5	0
楚汉传奇第80集	4
爸爸好奇怪30	0
东北往事黑道风云20年	3
蜗居35集全	1
欢乐颂2电视剧全集第49集	4
封神榜陈浩民版全集40	0
活佛济公3	5
苹果范冰冰电影	0
植物大战僵尸2	3
木乃伊2	1
巴霍巴利王2	0
夏至未至电视剧第1集	5
三流之路7	0
海贼王全集第800集	0
笑声传奇第2期	1
变形金刚1	5
荒野求生贝尔	0
银河护卫队2	0
72层奇楼第1期	1
甄嬛传电视剧76	0
惊天魔盗团2	0
爱情公寓1	5
秦时明月5	5
奔跑吧兄弟2017第5季第1期	0
爆裂飞车2	1
龙珠超94	1
跑男第5季迪丽热巴	0
亮剑2铁血军魂	3
僵尸先生林正英	0
2017马未都观复都嘟	0
思美人大结局	4
超人回来了20170611	0
刑事侦缉档案2	4
极限特工3	0
美国队长3	0
娘心大结局	3
我想和你唱第2季薛之谦	0
一千零一夜梁文道	0
谍影重重4	2
超凡蜘蛛侠2	0
神兽金刚3超变星甲	0
康熙王朝50集版陈道明	0
非你莫属2017最新一期	0
古灵精探2	5
李连杰电影全集黄飞鸿	0
下一站幸福安以轩	0
澳门风云3	1
绝地枪王2	1
仙剑奇侠传三	1
财经郎眼2017最新	0
色欲情仇2	0
乡村爱情9	1
举起手来1	4
欢乐喜剧人岳云鹏相声合集	0
旺旺队立达工汪汪队立大功第1集	0
错点鸳鸯戏点鸳鸯50全	1
哆啦a梦大雄的南极冰冰凉大冒险	0
终极斗士4	0
奔跑吧兄弟2017迪丽热巴第6季	0
人肉叉烧包黄秋生	0
假面骑士amazons第2季10	0
三个好小子	0
the k2	1
黑衣人3	2
小苹果筷子兄弟	0
快乐大本营2017杨洋郑爽	0
速度与激情6	2
婚前试爱2	2
济公游记游本昌85版第40集	0
奥特曼格斗进化3	0
笑声传奇程野丫蛋	0
金曲捞王杰	0
金牌调解2017最新一期	0
飞虎2	2
武林风方便2017最新比赛	0
死神来了5	2
行尸走肉第7季第10集	0
三国演义老版84唐国强高清	0
wwe摔跤狂热大赛33	0
成龙电影警察故事	0
速度与激情1	5
死神来了1	5
思美人电视剧大结局	4
乡村爱情6变奏曲	3
卧底2	1
呜咪123	0
潜伏孙红雷版	0
五号特工组1	5
黄大妮电视剧1一48集全集	0
贝瓦儿歌串烧100首连续	0
春娇与志明1	5
仙剑奇侠传2	5
新上海滩黄晓明	0
封神榜陈浩民版	0
逃学威龙2	1
速度与激情5	1
百战天狼28	0
金瓶梅1	0
海贼王792	0
一村之长之从头再来潘长江	0
浙江卫视欢乐颂2	4
一转成双2017最新一期	0
萧十一郎吴奇隆版	0
爱来的刚好全集第60集	5
篮球火全集24	1
继承人电视剧全集第40集	1
叶问3	1
冲上云霄2粤语版	5
鹿鼎记韩栋版	0
白鹿原电视剧全集42	1
约吧大明星鹿晗	0
杀破狼1	5
黄秋生人肉叉烧包八仙饭店	0
成吉思汗电视剧全集50	0
漂亮的李慧珍电视剧全集46	5
活佛济公2	5
精武门李连杰	0
异形魔怪3	0
新白娘子传奇电视剧全集50高清版	3
我们相爱吧第3季吴昕潘玮柏	0
猪猪侠之超星萌宠1	5
山炮进城2	0
乡村爱情8	5
大头儿子小头爸爸2	4
张杰三生三世	0
爸爸好奇怪29	0
封神榜陈浩民版全集国语版	0
奔跑吧兄弟2017第5季第8期	0
狐妖小红娘第3季第64集	0
变形金刚3	2
金枝欲孽1	4
一女管家	3
终极一班1	5
隋唐英雄4	5
热血高校2	2
一诺倾情国语版36集全	1
的士速递2	2
王牌对王牌鹿晗	0
薛之谦火星情报局	5
跨界歌王谢娜	5
吐槽大会第2期	1
梁山伯与祝英台罗志祥梁小冰主演	0
封神英雄榜2	5
假面骑士exaid35生肉	0
魔幻手机2傻妞归来	5
假面骑士exaid36	0
白鹿原李沁	0
高晓松晓说2017	0
成都赵雷我是歌手	0
步步惊心刘诗诗	0
生化危机1	5
复仇者联盟3	0
欢乐颂2电视剧第1集	4
陈乔恩阮经天命中注定我爱你	0
我愿意孙红雷	0
拳皇97	0
美国达人秀第11季	1
人蛇大战电影黄i色1及片	0
半妖倾城2	2
花儿与少年3	2
韦小宝鹿鼎记陈小春	0
托马斯和他的朋友们第15季	5
黄色三级片	0
心理罪2	1
盗墓笔记之七星鲁王宫	0
小小智慧树2017新版	0
吐槽大会第1期	1
燕子李三	5
喜爱夜蒲2	2
木乃伊4	0
女儿国赵丽颖	0
非诚勿扰厨师相亲24盏灯被灭	0
super liar	0
伏击电视剧全集45	5
厉害了我滴星	0
赤裸羔羊邱淑贞任达华	0
喜剧之王周星驰	0
热血长安2	1
普罗米修斯2	2
爱情公寓5	5
我是谁成龙国语版	0
一路向西电影完整李丹妮	0
笑傲江湖霍建华版	0
加勒比海盗4	1
金星秀杨紫	1
吴京电影黑社会	0
热血高校1	5
最好的我们电视剧全集24	1
妈妈咪呀2017最新第5季	0
创世纪1地产风云	5
求生一加一	0
人民的名义全集42	4
欢天喜地七仙女赵丽颖	0
娘心43	3
寒战2	1
梨园春2017最新一期	0
琅琊榜2	5
郑伊健古惑仔电影全集	0
变形金刚2	2
杀手代号47	0
幸福来敲门蒋雯丽	0
使徒行者2	2
任达华三片级色情电影	0
小草青青电视剧全集55	5
陈真梁小龙版	0
铁血武工队传奇全集40	0
精武门甄子丹	0
罗志祥天生是优我	0
巨轮2	3
碟中谍1	5
毛骗终结篇	1
happy together3	5
秦时明月之君临天下64	1
擒狼1	4
奇星记之鲜衣怒马少年时	0
黄秋生电影全部色情电影	0
巴霍巴利王2国语版	0
谍影重重5	0
我想和你唱薛之谦	0
制服诱惑朱茵电影	0
曾仕强易经的智慧160全集	0
无限挑战金秀贤	0
神兽金刚3超变星甲全集	0
奇怪的搭档19	0
夜袭寡妇村2	0
慈禧的秘密生活邱淑贞	0
花儿与少年第2季未删减版杨洋郑爽	0
赵丽颖的电视剧错点鸳鸯	0
爱情保卫战2017涂磊哭	0
任达华电影全部黑帮电影	0
神勇武工队传奇全集40	5
医馆笑传1	5
鲜肉老师1	1
金刚狼3	0
伊波拉病毒黄秋生	0
中国好歌曲黄家驹	0
乡村爱情5	5
碟中谍4	1
喜爱夜蒲3	0
我是歌手岳云鹏李健	0
思美人电视剧第1集	5
外公芳龄38	0
伪装者电视剧全集1一第48集	5
无间道1	5
果宝特攻3	5
雪山飞狐黄日华版国语版	0
天龙八部钟汉良版	0
择天记大结局	2
向往的生活2017最新一期赵丽颖	0
金炳万的丛林法则20170609	0
进击的巨人第2季第8集	0
二龙湖浩哥之四平青年1	5
乡村爱情3	5
小苹果筷子兄弟mv原版	0
我的世界五歌	1
天龙八部黄日华版国语版高清	0
大话西游之大圣娶亲周星驰	0
水月洞天2灵镜传奇	3
异形魔怪5	0
武当2	5
吐槽大会第3期	1
五星红旗迎风飘扬2	5
一路向西2之泰西	0
马永贞之争霸上海滩何家劲	0
僵尸道长2鬼太后	0
我们相爱吧郑恺	0
青春期赵奕欢	0
杀破狼2	0
云海玉弓缘林峰版	0
异形魔怪2	0
唐唐神吐槽唐唐big笑工坊	0
谢文东5王者归来	5
雀圣2	2
欢乐颂2电视剧全集第1集	4
少年四大名捕林峰版国语版	0
精武英雄李连杰	0
电视剧八方传奇全集	0
旋风少女第3季大结局	0
新白娘子传奇电视剧全集50下载	3
左手亲情右手爱电视剧全集32	3
苍井空av色情电影	0
你好李焕英	0
火星情报局张雪峰	0
oncall36小时2	4
等着我倪萍2017	0
李连杰电影全集中南海保镖	0
神兽金刚之超变星甲	0
涂磊爱情保卫战	5
西游降魔篇2	2
极限挑战第2季薛之谦	1
乡村爱情2	4
神偷奶爸3	0
古惑仔系列全十部郑伊健	0
军情解码2017最新	0
美国队长2	0
快乐大本营2017鹿晗	0
异形1	5
沉默2张嘉译	0
谢文东3	5
黄色一级片	0
亮剑李云龙	0
韦小宝张卫健鹿鼎记	0
超人回来了170611	0
僵尸道长2国语版	5
大头儿子小头爸爸2一日成才电影	0
人肉叉烧包黄秋生二级	0
需要浪漫3	1
金星秀赵丽颖	1
画江湖之不良人2	5
薛之谦金曲捞	5
德云社岳云鹏	0
霍比特人3五军之战	0
热血高校3	0
画江湖之不良人3	5
一周的偶像ikon	0
等着我2017最新最新等着我	0
我独自生活20170609	0
梁文道一千零一夜	0
中国好声音黄家驹那一场	0
袁腾飞这个历史挺靠谱	0
一周的偶像防弹少年团	0
还珠格格第1部赵薇	0
缘来非诚勿扰2017最新一期	0
爵迹2	0
中南海保镖李连杰	0
德云社岳云鹏相声	0
欢乐颂1电视剧	5
捉妖记2	0
动物兄弟第1000集	0
今世缘等着我2017最新	0
封神榜陈浩民版全集40国语版	0
敢死队3	0
白蛇传刘涛版	0
周星驰电影全集鹿鼎记国语版	0
七十二家房客第13季	0
我是特种兵2	5
征服2	0
侏罗纪公园4	4
新楚留香任贤齐版高清国语版	0
刘德华电影全部黑帮电影	0
大话西游2	4
oppor11反正都精彩	1
爱子情深封神榜陈浩民	0
青云志1	5
东北往事之痞子训练营2	3
马未都观复嘟嘟2017	0
一周的偶像got7	1
李连杰电影全集太极张三丰	0
徐锦江色情电影寡妇村	0
奥特曼大电影超奥特八弟	0
功夫熊猫3	1
爆兽猎人2	1
跨界歌王邓伦	3
独立日2	1
笑林小子2新乌龙院	1
速度与激情3	0
暮光之城1	5
袁腾飞袁视角	0
苗翠花电视连续剧国语版关咏荷	0
猪猪侠之超星萌宠 1	5
唐伯虎点秋香2	1
欢乐颂1全集	5
龙珠超95	1
produce101第2季e10	0
暗黑者2	1
奔跑吧兄弟2017第5季第9期	0
假面骑士amazons第2季11	0
逃生2	0
假面骑士exaid36字幕	0
金枝欲孽2	4
总裁误宠替身甜妻大结局	1
仙剑奇侠传一	5
人民的名义全集55	1
幻影车神3	0
一级黄色片	1
监狱风云3	4
男人和女人上床亲吻不盖被子	0
斗龙战士2	5
野狼唿叫21	1
洪武三十二	1
封神榜陈浩民	0
齐天大圣孙悟空张卫健粤语版	0
a计划成龙	0
陈子豪解说丧尸围城4	0
乡村爱情4	5
超体2	0
穿越时空之明月格格	0
真心话大冒险大张伟	0
碧血剑黄圣依版	0
假面骑士exaid34	0
郎咸平财经郎眼2017	0
魁拔4	0
地下交通站2	5
猪猪侠之超星萌宠2	5
两天一夜170611	0
醉打金枝欧阳震华版	0
跨界歌王陈赫	0
神雕侠侣陈晓版	0
春娇与志明2	2
四平青年1	2
不良人二	1
陆小凤之凤舞九天万梓良版高清	0
碟中谍3	1
囧女翻身之嗨如花第二	2
两天一夜20170611	0
二龙湖浩哥之江湖学院2	0
美人心计林心如	0
战地1	2
隋唐演义王宝强版	0
四世同堂黄磊版	0
征服孙红雷版电视剧	0
奔跑吧兄弟2017迪丽热巴第1季	0
逃学威龙1	5
电锯惊魂1	5
假面骑士555	0
环太平洋2	0
余罪第一季正片1	0
金牌调解2017年最新一期	0
蜡笔小新新番国语版	2
古剑奇谭2	0
爱情万万岁电视剧40	4
京城81号2	0
第一滴血4	2
熊熊乐园2	1
产科医生电视剧全集42	4
熊大熊二之熊熊乐园	0
欢乐颂2大结局	4
爱的妇产科2	2
加勒比海盗1国语版	5
进击的巨人第2季8	0
僵尸先生2	1
隋唐英雄3	5
一周的偶像exo	0
雪豹文章版	0
谢文东4	1
我想和你唱薛之谦第9期	0
周星驰电影全集鹿鼎记	0
秦时明月5君临天下	5
小时代1	5
窦文涛圆桌派	0
小爸爸电视剧33全集	3
僵尸先生1	5
何以笙箫默电视剧32集全	5
我们相爱吧第3季唐嫣罗晋	0
至尊红颜电视剧贾静雯	0
龙珠传奇第2集	2
秦时明月1	5
疯狂的麦克斯4狂暴之路	0
曹查理色情电影全集	0
上帝也疯狂2	1
诛仙青云志2	1
火星情报局3	3
香帅传奇郑少秋杨丽菁版电视剧全集	0
笑声传奇高晓攀	5
封神榜之忠义乾坤陈浩民	0
奇怪的搭档21	0
全职高手11	2
一代女皇武则天潘迎紫全集	0
金星秀杨幂	1
春娇与志明2粤语版	2
古惑仔5	1
乡村爱情1	1
那片星空那片海电视剧全集40	0
欢乐喜剧人岳云鹏	5
女管家大结局	3
街霸5	0
乡村爱情8上	5
喜爱夜蒲1完整	4
man x man16	0
英国达人秀第十一	2
秦时明月1第1部	1
大侠霍元甲83版黄元申国语版	0
北美玩具全集4	1
恶作剧之吻2	5
谢谢你来了2017最新一期	0
