WaitToImage	1000	https://public.lightpic.info/image/3B2E_5912C26F0.jpg
WaitToImage	1001	http://image18.poco.cn/mypoco/myphoto/20170125/14/183365877201701251401492724956157330_000.jpg
WaitToImage	1002	http://image18.poco.cn/mypoco/myphoto/20170418/14/185036732201704181430092710385600361_004.jpg
WaitToImage	1003	https://public.lightpic.info/image/42CA_590AF7A70.jpg
WaitToImage	1004	http://image18.poco.cn/mypoco/myphoto/20170418/14/185036732201704181430092710385600361_005.jpg
WaitToImage	1005	https://public.lightpic.info/image/E9BF_5909FC6E0.jpg
WaitToImage	1006	http://image18.poco.cn/mypoco/myphoto/20170326/19/185036732201703261933591405531555624_000.jpg
WaitToImage	1007	http://image18.poco.cn/mypoco/myphoto/20170412/23/185036732201704122317521594429286616_001.jpg
WaitToImage	1008	http://image18.poco.cn/mypoco/myphoto/20170307/21/185036732201703072149021852868495956_000.jpg
WaitToImage	1009	https://public.lightpic.info/image/45AA_590061F80.jpg
No 片长:桑迪	http://www.ygdy8.net/html/gndy/dyzz/20170426/53808.html
WaitToImage	1010	http://image18.poco.cn/mypoco/myphoto/20170424/21/185036732201704242145181853077978555_002.jpg
No IMDb:指甲刀人魔	http://www.ygdy8.net/html/gndy/dyzz/20170426/53807.html
WaitToImage	1011	https://public.lightpic.info/image/8E19_590060000.jpg
WaitToImage	1012	http://image18.poco.cn/mypoco/myphoto/20170424/21/185036732201704242116403871821668224_001.jpg
WaitToImage	1013	http://image18.poco.cn/mypoco/myphoto/20170424/21/185036732201704242116403871821668224_000.jpg
WaitToImage	1014	http://image18.poco.cn/mypoco/myphoto/20170421/19/185036732201704211901462868083432441_005.jpg
WaitToImage	1015	http://image18.poco.cn/mypoco/myphoto/20170421/19/185036732201704211901462868083432441_002.jpg
WaitToImage	1016	http://image18.poco.cn/mypoco/myphoto/20170422/18/185036732201704221835312170161402161_000.jpg
WaitToImage	1017	http://image18.poco.cn/mypoco/myphoto/20170421/19/185036732201704211901462868083432441_007.jpg
WaitToImage	1018	http://image18.poco.cn/mypoco/myphoto/20170418/14/185036732201704181430092710385600361_004.jpg
No 字幕:大明锦衣卫	http://www.ygdy8.net/html/gndy/dyzz/20170416/53725.html
No IMDb:大明锦衣卫	http://www.ygdy8.net/html/gndy/dyzz/20170416/53725.html
No 视频尺寸:大明锦衣卫	http://www.ygdy8.net/html/gndy/dyzz/20170416/53725.html
WaitToImage	1019	http://image18.poco.cn/mypoco/myphoto/20160919/10/178343444201609191019002718671967635_000.jpg
No 字幕:大梦西游2铁扇公主	http://www.ygdy8.net/html/gndy/dyzz/20170416/53724.html
No IMDb:大梦西游2铁扇公主	http://www.ygdy8.net/html/gndy/dyzz/20170416/53724.html
No 视频尺寸:大梦西游2铁扇公主	http://www.ygdy8.net/html/gndy/dyzz/20170416/53724.html
No 片长:大梦西游2铁扇公主	http://www.ygdy8.net/html/gndy/dyzz/20170416/53724.html
WaitToImage	1020	http://image18.poco.cn/mypoco/myphoto/20170210/17/183365877201702101721583090368167861_010.jpg
WaitToImage	1021	http://image18.poco.cn/mypoco/myphoto/20170412/23/185036732201704122317521594429286616_002.jpg
WaitToImage	1022	http://image18.poco.cn/mypoco/myphoto/20170414/10/185036732201704141020251523482413348_001.jpg
WaitToImage	1023	http://image18.poco.cn/mypoco/myphoto/20170413/22/183257192201704132202441471761141296_001.jpg
WaitToImage	1024	http://image18.poco.cn/mypoco/myphoto/20170408/22/185036732201704082214571439607625398_001.jpg
Finished Page:1
WaitToImage	1025	http://image18.poco.cn/mypoco/myphoto/20170225/10/183365877201702251037083350901503095_000.jpg
WaitToImage	1026	http://image18.poco.cn/mypoco/myphoto/20170412/23/185036732201704122317521594429286616_001.jpg
WaitToImage	1027	http://image18.poco.cn/mypoco/myphoto/20170412/23/185036732201704122317521594429286616_000.jpg
No 片长:终极斗士4	http://www.ygdy8.net/html/gndy/dyzz/20170411/53687.html
WaitToImage	1028	http://image18.poco.cn/mypoco/myphoto/20170411/00/185036732201704110010302568031176541_000.jpg
WaitToImage	1029	http://image18.poco.cn/mypoco/myphoto/20170411/00/185036732201704110010302568031176541_002.jpg
WaitToImage	1030	http://image18.poco.cn/mypoco/myphoto/20170409/23/185036732201704092346082397772918188_000.jpg
WaitToImage	1031	http://image18.poco.cn/mypoco/myphoto/20170408/22/185036732201704082214571439607625398_001.jpg
WaitToImage	1032	http://image18.poco.cn/mypoco/myphoto/20170405/22/185036732201704052218124409060665035_002.jpg
WaitToImage	1033	http://image18.poco.cn/mypoco/myphoto/20170404/16/185036732201704041650348264502655168_000.jpg
WaitToImage	1034	http://image18.poco.cn/mypoco/myphoto/20170404/16/185036732201704041650348264502655168_001.jpg
WaitToImage	1035	http://image18.poco.cn/mypoco/myphoto/20170404/16/185036732201704041650348264502655168_003.jpg
WaitToImage	1036	http://image18.poco.cn/mypoco/myphoto/20170404/16/185036732201704041650348264502655168_002.jpg
WaitToImage	1037	http://image18.poco.cn/mypoco/myphoto/20170403/22/185036732201704032200521426615103237_000.jpg
WaitToImage	1038	http://image18.poco.cn/mypoco/myphoto/20170331/23/185036732201703312312011847896386638_001.jpg
WaitToImage	1039	http://image18.poco.cn/mypoco/myphoto/20170331/23/185036732201703312312011847896386638_000.jpg
WaitToImage	1040	http://image18.poco.cn/mypoco/myphoto/20170330/23/185036732201703302351322262470735374_000.jpg
No IMDb:大闹天竺	http://www.ygdy8.net/html/gndy/dyzz/20170330/53558.html
WaitToImage	1041	http://image18.poco.cn/mypoco/myphoto/20170329/23/185036732201703292316275722573863223_000.jpg
WaitToImage	1042	http://image18.poco.cn/mypoco/myphoto/20170327/16/185036732201703271656586003441342760_003.jpg
WaitToImage	1043	http://image18.poco.cn/mypoco/myphoto/20170326/19/185036732201703261933591405531555624_001.jpg
WaitToImage	1044	http://image18.poco.cn/mypoco/myphoto/20170326/19/185036732201703261933591405531555624_000.jpg
WaitToImage	1045	http://image18.poco.cn/mypoco/myphoto/20170315/16/185036732201703151616351844522261475_001.jpg
No IMDb:摆渡人	http://www.ygdy8.net/html/gndy/dyzz/20170323/53519.html
WaitToImage	1046	http://image18.poco.cn/mypoco/myphoto/20170215/15/183365877201702151544228577559509934_000.jpg
WaitToImage	1047	http://image18.poco.cn/mypoco/myphoto/20170320/18/185036732201703201813481116687247375_003.jpg
(1064, "You have an error in your SQL syntax; check the manual that corresponds to your MySQL server version for the right syntax to use near 'ichi Sato','\xe5\xb0\x8f\xe9\x87\x8e\xe5\xa4\xa7\xe8\xbe\x85 Daisuke Ono;\xe5\xb8\x82\xe9\x81\x93\xe7\x9c\x9f\xe5\xa4\xae Mao Ichimichi;\xe9\x83\xad\xe6\x99\xba\xe5\x8d\x9a Tomohi' at line 1")http://www.ygdy8.net/html/gndy/dyzz/20170321/53506.html
WaitToImage	-1	http://image18.poco.cn/mypoco/myphoto/20170320/18/185036732201703201813481116687247375_002.jpg
WaitToImage	1048	http://image18.poco.cn/mypoco/myphoto/20170319/22/185036732201703192212494122403851224_000.jpg
Finished Page:2
WaitToImage	1049	http://image18.poco.cn/mypoco/myphoto/20170315/14/185036732201703151453005231638774779_000.jpg
WaitToImage	1050	http://image18.poco.cn/mypoco/myphoto/20170316/16/185036732201703161600341510170262817_004.jpg
WaitToImage	1051	http://image18.poco.cn/mypoco/myphoto/20170315/16/185036732201703151616351844522261475_001.jpg
WaitToImage	1052	http://image18.poco.cn/mypoco/myphoto/20170212/22/183365877201702122251403964815339311_000.jpg
WaitToImage	1053	http://image18.poco.cn/mypoco/myphoto/20170310/22/185036732201703102220023586320669253_000.jpg
WaitToImage	1054	http://image18.poco.cn/mypoco/myphoto/20170310/19/185036732201703101915002863258343209_000.jpg
WaitToImage	1055	http://image18.poco.cn/mypoco/myphoto/20170310/22/185036732201703102220023586320669253_000.jpg
WaitToImage	1056	http://image18.poco.cn/mypoco/myphoto/20170310/19/185036732201703101915002863258343209_002.jpg
WaitToImage	1057	http://image18.poco.cn/mypoco/myphoto/20170307/21/185036732201703072149021852868495956_000.jpg
WaitToImage	1058	http://image18.poco.cn/mypoco/myphoto/20170308/07/6427623420170308073530076.jpg
No IMDb:我的诗篇	http://www.ygdy8.net/html/gndy/dyzz/20170309/53413.html
WaitToImage	1059	http://image18.poco.cn/mypoco/myphoto/20170308/22/185036732201703082206146736129864646_000.jpg
No IMDb:你好，疯子	http://www.ygdy8.net/html/gndy/dyzz/20170305/53381.html
WaitToImage	1060	http://image18.poco.cn/mypoco/myphoto/20170305/22/185036732201703052212198378850935504_000.jpg
WaitToImage	1061	http://image18.poco.cn/mypoco/myphoto/20170304/18/185036732201703041849504260902651465_000.jpg
WaitToImage	1062	http://image18.poco.cn/mypoco/myphoto/20170302/10/185036732201703021056531760436004479_000.jpg
WaitToImage	1063	http://image18.poco.cn/mypoco/myphoto/20170223/18/183365877201702231857023043896544562_000.jpg
WaitToImage	1064	http://image18.poco.cn/mypoco/myphoto/20170222/23/183365877201702222321112168693735842_001.jpg
WaitToImage	1065	http://image18.poco.cn/mypoco/myphoto/20170225/20/183365877201702252033582716892514570_001.jpg
WaitToImage	1066	http://image18.poco.cn/mypoco/myphoto/20170226/16/183365877201702261622038291773154966_000.jpg
WaitToImage	1067	http://image18.poco.cn/mypoco/myphoto/20170225/20/183365877201702252033582716892514570_000.jpg
WaitToImage	1068	http://image18.poco.cn/mypoco/myphoto/20170225/10/183365877201702251037083350901503095_000.jpg
WaitToImage	1069	http://image18.poco.cn/mypoco/myphoto/20170224/16/183365877201702241604482643095360440_000.jpg
WaitToImage	1070	http://image18.poco.cn/mypoco/myphoto/20170223/18/183365877201702231857023043896544562_001.jpg
WaitToImage	1071	http://image18.poco.cn/mypoco/myphoto/20170223/18/183365877201702231857023043896544562_000.jpg
WaitToImage	1072	http://image18.poco.cn/mypoco/myphoto/20170130/21/183257192201701302110521778494258366_001.jpg
WaitToImage	1073	http://image18.poco.cn/mypoco/myphoto/20170219/21/183365877201702192143321273630279630_000.jpg
Finished Page:3
WaitToImage	1074	http://image18.poco.cn/mypoco/myphoto/20170217/20/183365877201702172041253693901748347_000.jpg
WaitToImage	1075	http://image18.poco.cn/mypoco/myphoto/20170216/16/183365877201702161603413437544394155_001.jpg
WaitToImage	1076	http://image18.poco.cn/mypoco/myphoto/20161108/23/183397010201611082330577844503564444_003.jpg
WaitToImage	1077	http://image18.poco.cn/mypoco/myphoto/20170215/15/183365877201702151544228577559509934_000.jpg
WaitToImage	1078	http://image18.poco.cn/mypoco/myphoto/20170208/22/183257192201702082210251081315856124_000.jpg
WaitToImage	1079	http://image18.poco.cn/mypoco/myphoto/20161223/22/183257192201612232203481565701794245_001.jpg
WaitToImage	1080	http://image18.poco.cn/mypoco/myphoto/20170212/22/183365877201702122251403964815339311_000.jpg
WaitToImage	1081	http://image18.poco.cn/mypoco/myphoto/20160910/15/178343444201609101504456107503141375_002.jpg
WaitToImage	1082	http://image18.poco.cn/mypoco/myphoto/20170209/18/183257192201702091840024744143022547_000.jpg
WaitToImage	1083	http://image18.poco.cn/mypoco/myphoto/20170211/13/183365877201702111341171769419125412_002.jpg
WaitToImage	1084	http://image18.poco.cn/mypoco/myphoto/20170208/22/183257192201702082210251081315856124_000.jpg
WaitToImage	1085	http://image18.poco.cn/mypoco/myphoto/20161223/22/183257192201612232203481565701794245_001.jpg
WaitToImage	1086	http://image18.poco.cn/mypoco/myphoto/20161108/23/183397010201611082330577844503564444_003.jpg
WaitToImage	1087	http://image18.poco.cn/mypoco/myphoto/20170204/23/183365877201702042313421706591800157_000.jpg
WaitToImage	1088	http://image18.poco.cn/mypoco/myphoto/20170202/00/183257192201702020047172243732274428_000.jpg
WaitToImage	1089	http://image18.poco.cn/mypoco/myphoto/20170203/21/183365877201702032128574200822742323_000.jpg
WaitToImage	1090	http://image18.poco.cn/mypoco/myphoto/20170202/00/183257192201702020047172243732274428_001.jpg
WaitToImage	1091	http://image18.poco.cn/mypoco/myphoto/20170202/20/183365877201702022031093904864659654_000.jpg
WaitToImage	1092	http://image18.poco.cn/mypoco/myphoto/20170130/21/183257192201701302110521778494258366_001.jpg
WaitToImage	1093	http://image18.poco.cn/mypoco/myphoto/20170128/21/183257192201701282130392380342960317_003.jpg
WaitToImage	1094	http://202.102.26.253:8182/files/94/crayon16.jpg
'utf8' codec can't decode bytes in position 364-365: invalid continuation bytehttp://www.ygdy8.net/html/gndy/dyzz/20170129/53079.html
WaitToImage	-1	http://202.102.26.253:8182/files/94/highlow.jpg
WaitToImage	1095	http://image18.poco.cn/mypoco/myphoto/20170128/21/183257192201701282143011760283631153_000.jpg
WaitToImage	1096	http://image18.poco.cn/mypoco/myphoto/20170114/21/183365877201701142142521704734126926_001.jpg
WaitToImage	1097	http://image18.poco.cn/mypoco/myphoto/20170125/14/183365877201701251401492724956157330_000.jpg
Finished Page:4
WaitToImage	1098	http://image18.poco.cn/mypoco/myphoto/20170123/23/183365877201701232333504242656854553_000.jpg
WaitToImage	1099	http://image18.poco.cn/mypoco/myphoto/20170121/20/183365877201701212046213798152713126_001.jpg
No IMDb:少年	http://www.ygdy8.net/html/gndy/dyzz/20170121/53024.html
WaitToImage	1100	http://image18.poco.cn/mypoco/myphoto/20170121/20/183365877201701212046213798152713126_000.jpg
WaitToImage	1101	http://image18.poco.cn/mypoco/myphoto/20170118/23/183365877201701182324464057986419139_000.jpg
WaitToImage	1102	http://image18.poco.cn/mypoco/myphoto/20170119/23/183365877201701192313083259948525224_000.jpg
WaitToImage	1103	http://image18.poco.cn/mypoco/myphoto/20170119/23/183365877201701192313083259948525224_001.jpg
WaitToImage	1104	http://image18.poco.cn/mypoco/myphoto/20170118/23/183365877201701182324464057986419139_000.jpg
WaitToImage	1105	http://image18.poco.cn/mypoco/myphoto/20161216/23/183365877201612162311272509332950653_002.jpg
WaitToImage	1106	http://image18.poco.cn/mypoco/myphoto/20170114/23/183365877201701142309412742110544432_001.jpg
WaitToImage	1107	http://image18.poco.cn/mypoco/myphoto/20170114/21/183365877201701142142521704734126926_001.jpg
No IMDb:王牌逗王牌/偷天特务	http://www.ygdy8.net/html/gndy/dyzz/20170114/52972.html
WaitToImage	1108	http://image18.poco.cn/mypoco/myphoto/20161106/10/183397010201611061028383698369950653_000.jpg
WaitToImage	1109	http://image18.poco.cn/mypoco/myphoto/20170108/14/183365877201701081407021726971397453_000.jpg
WaitToImage	1110	http://image18.poco.cn/mypoco/myphoto/20161219/20/183365877201612192017332527334689408_000.jpg
WaitToImage	1111	http://image18.poco.cn/mypoco/myphoto/20161223/22/183257192201612232203481565701794245_000.jpg
WaitToImage	1112	http://image18.poco.cn/mypoco/myphoto/20170105/21/183365877201701052124494292676951235_001.jpg
WaitToImage	1113	http://image18.poco.cn/mypoco/myphoto/20161231/21/183257192201612312140391933554458356_000.jpg
WaitToImage	1114	http://image18.poco.cn/mypoco/myphoto/20170103/22/183365877201701032244301586184122963_001.jpg
WaitToImage	1115	http://image18.poco.cn/mypoco/myphoto/20170101/22/183365877201701012238202306506762016_000.jpg
WaitToImage	1116	http://image18.poco.cn/mypoco/myphoto/20161225/22/183257192201612252259072417179630139_000.jpg
No IMDb:大显神威	http://www.ygdy8.net/html/gndy/dyzz/20161230/52821.html
WaitToImage	1117	http://image18.poco.cn/mypoco/myphoto/20161230/21/183257192201612302143592050831023428_002.jpg
No IMDb:销售奇姬	http://www.ygdy8.net/html/gndy/dyzz/20161229/52816.html
WaitToImage	1118	http://image18.poco.cn/mypoco/myphoto/20161229/23/183257192201612292333057478910262777_001.jpg
WaitToImage	1119	http://image18.poco.cn/mypoco/myphoto/20161228/23/183257192201612282335183091490407156_000.jpg
(1064, "You have an error in your SQL syntax; check the manual that corresponds to your MySQL server version for the right syntax to use near 'Connor','\xe6\x9c\xac\xe9\x98\xbf\xe5\xbc\x97\xe8\x8e\xb1\xe5\x85\x8b Ben Affleck;\xe5\xae\x89\xe5\xa8\x9c\xe8\x82\xaf\xe5\xbe\xb7\xe9\x87\x8c\xe5\x85\x8b Anna Kendrick;JK\xe8\xa5\xbf\xe8\x92\x99' at line 1")http://www.ygdy8.net/html/gndy/dyzz/20161225/52789.html
WaitToImage	-1	http://image18.poco.cn/mypoco/myphoto/20161225/22/183257192201612252259072417179630139_002.jpg
WaitToImage	1120	http://image18.poco.cn/mypoco/myphoto/20161222/23/183257192201612222327201471435027177_000.jpg
WaitToImage	1121	http://image18.poco.cn/mypoco/myphoto/20161215/22/183365877201612152228244123810316406_001.jpg
Finished Page:5
WaitToImage	1122	http://image18.poco.cn/mypoco/myphoto/20161126/22/183397010201611262257173118704768202_000.jpg
WaitToImage	1123	http://image18.poco.cn/mypoco/myphoto/20160913/12/178343444201609131211302327889357601_001.jpg
WaitToImage	1124	http://image18.poco.cn/mypoco/myphoto/20161217/19/183365877201612171902122187116865658_000.jpg
WaitToImage	1125	http://image18.poco.cn/mypoco/myphoto/20161216/23/183365877201612162311272509332950653_002.jpg
No IMDb:外公芳龄38	http://www.ygdy8.net/html/gndy/dyzz/20161216/52729.html
WaitToImage	1126	http://image18.poco.cn/mypoco/myphoto/20161216/23/183365877201612162311272509332950653_001.jpg
WaitToImage	1127	http://image18.poco.cn/mypoco/myphoto/20161215/22/183365877201612152228244123810316406_000.jpg
WaitToImage	1128	http://www.93w.net/uploads/allimg/160803/3-160P3144915.jpg
WaitToImage	1129	http://image18.poco.cn/mypoco/myphoto/20161212/20/183365877201612122009323063817376415_000.jpg
WaitToImage	1130	http://pic.yupoo.com/ai-ya/G3KIKcoX/7c84a.jpg
WaitToImage	1131	http://pic.yupoo.com/st136386207/G345nWX9/8BLXn.jpg
WaitToImage	1132	http://pic.yupoo.com/st136386207/G2W0JYbE/b778p.jpg
WaitToImage	1133	http://image18.poco.cn/mypoco/myphoto/20161207/23/183257192201612072355041423538491192_001.jpg
No IMDb:危城	http://www.ygdy8.net/html/gndy/dyzz/20161208/52675.html
WaitToImage	1134	http://image18.poco.cn/mypoco/myphoto/20160915/23/178343444201609152325571634281224392_002.jpg
WaitToImage	1135	http://pic.yupoo.com/st136386207/G3n8uYiz/eQCbS.jpg
WaitToImage	1136	http://image18.poco.cn/mypoco/myphoto/20161207/15/183257192201612071515462504237980430_000.jpg
WaitToImage	1137	http://pic.yupoo.com/st136386207/G2W0KNqZ/j3Jmi.jpg
No IMDb:辣警霸王花	http://www.ygdy8.net/html/gndy/dyzz/20161206/52663.html
WaitToImage	1138	http://image18.poco.cn/mypoco/myphoto/20161128/21/183397010201611282148061092331684855_005.jpg
No IMDb:麦兜·饭宝奇兵	http://www.ygdy8.net/html/gndy/dyzz/20161206/52662.html
WaitToImage	1139	http://pic1.win4000.com/pic/1/e4/6a4a1150441.jpg
WaitToImage	1140	http://pic.yupoo.com/st136386207/G2YLO08L/DViBN.jpg
WaitToImage	1141	http://image18.poco.cn/mypoco/myphoto/20161204/20/183257192201612042059268592638976504_000.jpg
No 片长:毁灭者	http://www.ygdy8.net/html/gndy/dyzz/20161204/52628.html
WaitToImage	1142	http://pic.yupoo.com/st136386207/G2Cllwx9/N6FQK.jpg
WaitToImage	1143	http://pic.yupoo.com/st136386207/G2W0KAgz/C76YZ.jpg
No IMDb:反贪风暴2	http://www.ygdy8.net/html/gndy/dyzz/20161202/52613.html
WaitToImage	1144	http://image18.poco.cn/mypoco/myphoto/20161027/23/183397010201610272335061746431807151_000.jpg
WaitToImage	1145	http://image18.poco.cn/mypoco/myphoto/20161130/22/183257192201611302205202447216992522_000.jpg
WaitToImage	1146	http://pic.yupoo.com/hdarea/G2pagETB/h5pVB.jpg
Finished Page:6
WaitToImage	1147	http://image18.poco.cn/mypoco/myphoto/20161116/22/183397010201611162207511769589659175_000.jpg
WaitToImage	1148	http://image18.poco.cn/mypoco/myphoto/20161022/21/183397010201610222144271999366775139_001.jpg
WaitToImage	1149	http://image18.poco.cn/mypoco/myphoto/20161028/16/183397010201610281644304217063587123_001.jpg
WaitToImage	1150	http://image18.poco.cn/mypoco/myphoto/20161125/23/183257192201611252300433613050310475_001.jpg
WaitToImage	1151	http://image18.poco.cn/mypoco/myphoto/20161124/22/183257192201611242247513400810801410_000.jpg
WaitToImage	1152	http://image18.poco.cn/mypoco/myphoto/20161124/22/183257192201611242247513400810801410_003.jpg
WaitToImage	1153	http://image18.poco.cn/mypoco/myphoto/20161103/23/183397010201611032308495232577105568_001.jpg
WaitToImage	1154	http://image18.poco.cn/mypoco/myphoto/20161103/23/183397010201611032308495232577105568_001.jpg
WaitToImage	1155	http://image18.poco.cn/mypoco/myphoto/20161116/22/183397010201611162207511769589659175_000.jpg
WaitToImage	1156	http://image18.poco.cn/mypoco/myphoto/20161103/23/183397010201611032308495232577105568_002.jpg
WaitToImage	1157	http://image18.poco.cn/mypoco/myphoto/20161103/23/183397010201611032308495232577105568_002.jpg
WaitToImage	1158	http://image18.poco.cn/mypoco/myphoto/20161116/22/183397010201611162207511769589659175_000.jpg
WaitToImage	1159	http://pic.yupoo.com/st136386207/FZ72WiXW/rR9H5.jpg
WaitToImage	1160	http://ww1.sinaimg.cn/mw690/81298caagw1f9n4iy1depj21ar1k71kl.jpg
WaitTo